Release 14.7 - xst P.20131013 (nt64)
Copyright (c) 1995-2013 Xilinx, Inc.  All rights reserved.
--> Parameter TMPDIR set to xst/projnav.tmp


Total REAL time to Xst completion: 1.00 secs
Total CPU time to Xst completion: 0.31 secs
 
--> Parameter xsthdpdir set to xst


Total REAL time to Xst completion: 1.00 secs
Total CPU time to Xst completion: 0.31 secs
 
--> Reading design: mips.prj

TABLE OF CONTENTS
  1) Synthesis Options Summary
  2) HDL Parsing
  3) HDL Elaboration
  4) HDL Synthesis
       4.1) HDL Synthesis Report
  5) Advanced HDL Synthesis
       5.1) Advanced HDL Synthesis Report
  6) Low Level Synthesis
  7) Partition Report
  8) Design Summary
       8.1) Primitive and Black Box Usage
       8.2) Device utilization summary
       8.3) Partition Resource Summary
       8.4) Timing Report
            8.4.1) Clock Information
            8.4.2) Asynchronous Control Signals Information
            8.4.3) Timing Summary
            8.4.4) Timing Details
            8.4.5) Cross Clock Domains Report


=========================================================================
*                      Synthesis Options Summary                        *
=========================================================================
---- Source Parameters
Input File Name                    : "mips.prj"
Ignore Synthesis Constraint File   : NO

---- Target Parameters
Output File Name                   : "mips"
Output Format                      : NGC
Target Device                      : xc6slx100-2-fgg676

---- Source Options
Top Module Name                    : mips
Automatic FSM Extraction           : YES
FSM Encoding Algorithm             : Auto
Safe Implementation                : No
FSM Style                          : LUT
RAM Extraction                     : Yes
RAM Style                          : Auto
ROM Extraction                     : Yes
Shift Register Extraction          : YES
ROM Style                          : Auto
Resource Sharing                   : YES
Asynchronous To Synchronous        : NO
Shift Register Minimum Size        : 2
Use DSP Block                      : Auto
Automatic Register Balancing       : No

---- Target Options
LUT Combining                      : Auto
Reduce Control Sets                : Auto
Add IO Buffers                     : YES
Global Maximum Fanout              : 100000
Add Generic Clock Buffer(BUFG)     : 16
Register Duplication               : YES
Optimize Instantiated Primitives   : NO
Use Clock Enable                   : Auto
Use Synchronous Set                : Auto
Use Synchronous Reset              : Auto
Pack IO Registers into IOBs        : Auto
Equivalent register Removal        : YES

---- General Options
Optimization Goal                  : Speed
Optimization Effort                : 1
Power Reduction                    : NO
Keep Hierarchy                     : No
Netlist Hierarchy                  : As_Optimized
RTL Output                         : Yes
Global Optimization                : AllClockNets
Read Cores                         : YES
Write Timing Constraints           : NO
Cross Clock Analysis               : NO
Hierarchy Separator                : /
Bus Delimiter                      : <>
Case Specifier                     : Maintain
Slice Utilization Ratio            : 100
BRAM Utilization Ratio             : 100
DSP48 Utilization Ratio            : 100
Auto BRAM Packing                  : NO
Slice Utilization Ratio Delta      : 5

=========================================================================


=========================================================================
*                          HDL Parsing                                  *
=========================================================================
Analyzing Verilog file "D:\verilogcode\p7\TC\TC.v" into library work
Parsing module <TC>.
Analyzing Verilog file "D:\verilogcode\p7\StoreMemData\Store_MemData.v" into library work
Parsing module <Store_MemData>.
Analyzing Verilog file "D:\verilogcode\p7\stall_forward\stall_forward.v" into library work
Parsing module <stall_forward>.
Analyzing Verilog file "D:\verilogcode\p7\PC\PC.v" into library work
Parsing module <PC>.
Analyzing Verilog file "D:\verilogcode\p7\NPC\NPC.v" into library work
Parsing module <NPC>.
Analyzing Verilog file "D:\verilogcode\p7\MUX\MUX.v" into library work
Parsing module <MUX_addr>.
Parsing module <MUX_ALU>.
Parsing module <MUX_Wd>.
Parsing module <MUX_Forward_D_E>.
Parsing module <MUX_Forward_M>.
Parsing module <MUX_PC>.
Analyzing Verilog file "D:\verilogcode\p7\MEM_WB\MEM_WB.v" into library work
Parsing module <MEM_WB>.
Analyzing Verilog file "D:\verilogcode\p7\MDU\MDU.v" into library work
Parsing module <MDU>.
Analyzing Verilog file "D:\verilogcode\p7\LoadMemData\LoadMemData.v" into library work
Parsing module <LoadMemData>.
Analyzing Verilog file "D:\verilogcode\p7\IF_ID\IF_ID.v" into library work
Parsing module <IF_ID>.
Analyzing Verilog file "D:\verilogcode\p7\ID_EX\ID_EX.v" into library work
Parsing module <ID_EX>.
Analyzing Verilog file "D:\verilogcode\p7\GRF\GRF.v" into library work
Parsing module <GRF>.
Analyzing Verilog file "D:\verilogcode\p7\EX_MEM\EX_MEM.v" into library work
Parsing module <EX_MEM>.
Analyzing Verilog file "D:\verilogcode\p7\EXT\EXT.v" into library work
Parsing module <EXT>.
Analyzing Verilog file "D:\verilogcode\p7\DMop\DMop.v" into library work
Parsing module <DMop>.
Analyzing Verilog file "D:\verilogcode\p7\CU\CU.v" into library work
Parsing module <CU>.
Analyzing Verilog file "D:\verilogcode\p7\CP0\CP0.v" into library work
Parsing module <CP0>.
Analyzing Verilog file "D:\verilogcode\p7\CMP\CMP.v" into library work
Parsing module <CMP>.
Analyzing Verilog file "D:\verilogcode\p7\Bridge\Bridge.v" into library work
Parsing module <Bridge>.
Analyzing Verilog file "D:\verilogcode\p7\ALU\ALU.v" into library work
Parsing module <ALU>.
Analyzing Verilog file "D:\verilogcode\p7\mips\mips.v" into library work
Parsing module <mips>.

=========================================================================
*                            HDL Elaboration                            *
=========================================================================

Elaborating module <mips>.

Elaborating module <PC>.

Elaborating module <IF_ID>.

Elaborating module <CU>.
WARNING:HDLCompiler:413 - "D:\verilogcode\p7\CU\CU.v" Line 681: Result of 32-bit expression is truncated to fit in 4-bit target.
WARNING:HDLCompiler:413 - "D:\verilogcode\p7\CU\CU.v" Line 697: Result of 32-bit expression is truncated to fit in 4-bit target.

Elaborating module <stall_forward>.
WARNING:HDLCompiler:1127 - "D:\verilogcode\p7\stall_forward\stall_forward.v" Line 80: Assignment to C_B_D_DE ignored, since the identifier is never used
WARNING:HDLCompiler:1127 - "D:\verilogcode\p7\stall_forward\stall_forward.v" Line 81: Assignment to C_B_D_DM ignored, since the identifier is never used

Elaborating module <MUX_addr>.

Elaborating module <GRF>.

Elaborating module <MUX_Forward_D_E>.

Elaborating module <EXT>.

Elaborating module <NPC>.

Elaborating module <MUX_PC>.

Elaborating module <CMP>.

Elaborating module <ID_EX>.
WARNING:HDLCompiler:1127 - "D:\verilogcode\p7\mips\mips.v" Line 421: Assignment to MDU_Instruction_E ignored, since the identifier is never used

Elaborating module <MUX_ALU>.

Elaborating module <MDU>.
ERROR:HDLCompiler:592 - "D:\verilogcode\p7\MDU\MDU.v" Line 43: Mixed blocking and non-blocking assignments on count is not supported
Module MDU remains a blackbox, due to errors in its contents
WARNING:HDLCompiler:1499 - "D:\verilogcode\p7\MDU\MDU.v" Line 30: Empty module <MDU> remains a black box.
WARNING:HDLCompiler:1127 - "D:\verilogcode\p7\mips\mips.v" Line 473: Assignment to count ignored, since the identifier is never used

Elaborating module <ALU>.

Elaborating module <EX_MEM>.

Elaborating module <MUX_Forward_M>.

Elaborating module <DMop>.
WARNING:HDLCompiler:413 - "D:\verilogcode\p7\DMop\DMop.v" Line 93: Result of 32-bit expression is truncated to fit in 4-bit target.
WARNING:HDLCompiler:413 - "D:\verilogcode\p7\DMop\DMop.v" Line 96: Result of 32-bit expression is truncated to fit in 4-bit target.
WARNING:HDLCompiler:413 - "D:\verilogcode\p7\DMop\DMop.v" Line 99: Result of 32-bit expression is truncated to fit in 4-bit target.
WARNING:HDLCompiler:413 - "D:\verilogcode\p7\DMop\DMop.v" Line 102: Result of 32-bit expression is truncated to fit in 4-bit target.
WARNING:HDLCompiler:413 - "D:\verilogcode\p7\DMop\DMop.v" Line 121: Result of 32-bit expression is truncated to fit in 4-bit target.
WARNING:HDLCompiler:413 - "D:\verilogcode\p7\DMop\DMop.v" Line 124: Result of 32-bit expression is truncated to fit in 4-bit target.
WARNING:HDLCompiler:413 - "D:\verilogcode\p7\DMop\DMop.v" Line 141: Result of 32-bit expression is truncated to fit in 4-bit target.

Elaborating module <Store_MemData>.
WARNING:HDLCompiler:1127 - "D:\verilogcode\p7\mips\mips.v" Line 563: Assignment to Error_M ignored, since the identifier is never used

Elaborating module <CP0>.
WARNING:HDLCompiler:413 - "D:\verilogcode\p7\CP0\CP0.v" Line 113: Result of 32-bit expression is truncated to fit in 5-bit target.

Elaborating module <LoadMemData>.

Elaborating module <MEM_WB>.
WARNING:HDLCompiler:1127 - "D:\verilogcode\p7\mips\mips.v" Line 642: Assignment to Instruction_W ignored, since the identifier is never used

Elaborating module <MUX_Wd>.

Elaborating module <Bridge>.
WARNING:HDLCompiler:413 - "D:\verilogcode\p7\Bridge\Bridge.v" Line 55: Result of 32-bit expression is truncated to fit in 4-bit target.

Elaborating module <TC>.
--> 

Total memory usage is 4524552 kilobytes

Number of errors   :    1 (   0 filtered)
Number of warnings :   18 (   0 filtered)
Number of infos    :    0 (   0 filtered)

