ISim log file
Running: D:\verilogcode\p5\mips\test_mips_isim_beh.exe -intstyle ise -gui -tclbatch isim.cmd -wdb D:/verilogcode/p5/mips/test_mips_isim_beh.wdb 
ISim P.20131013 (signature 0x7708f090)
This is a Full version of ISim.
Time resolution is 1 ps
# onerror resume
# wave add /
# run 1000 ns
Simulator is doing circuit initialization process.
Finished circuit initialization process.
                  11@00003000: $ 8 <= 00000008
                  13@00003004: $ 9 <= 00000008
                  15@00003008: $ 8 <= 00000008
                  17@0000300c: $10 <= 0000000c
                  19@00003010: $ 9 <= 00000008
                  21@00003014: $ 8 <= 00000008
                  23@00003018: $10 <= 0000000c
                  25@0000301c: $11 <= 0000000d
                  27@00003020: $ 9 <= 00000008
                  29@00003024: $ 8 <= 00000008
                  31@00003028: $ 9 <= 00000008
                  33@0000302c: $ 8 <= 00000008
                  35@00003030: $10 <= 0000000c
                  37@00003034: $ 9 <= 00000008
                  39@00003038: $ 8 <= 00000008
                  41@0000303c: $10 <= 0000000c
                  43@00003040: $11 <= 0000000d
                  45@00003044: $ 9 <= 00000008
                  47@00003048: $ 8 <= 00080000
                  49@0000304c: $ 9 <= 00080000
                  51@00003050: $ 8 <= 00080000
                  53@00003054: $10 <= 000c0000
                  55@00003058: $ 9 <= 00080000
                  57@0000305c: $ 8 <= 00080000
                  59@00003060: $10 <= 000c0000
                  61@00003064: $11 <= 000e0000
                  63@00003068: $ 9 <= 00080000
                  65@0000306c: $ 8 <= 00080000
                  67@00003070: $ 9 <= 00080000
                  69@00003074: $ 8 <= 00080000
                  71@00003078: $10 <= 000c0000
                  73@0000307c: $ 9 <= 00080000
                  75@00003080: $ 8 <= 00080000
                  77@00003084: $10 <= 000c0000
                  79@00003088: $11 <= 000e0000
                  81@0000308c: $ 9 <= 00080000
                  83@00003090: $ 8 <= 00080000
                  85@00003094: $ 9 <= 00080000
                  87@00003098: $10 <= 00080000
                  89@0000309c: $ 8 <= 00080000
                  91@000030a0: $ 9 <= 00080000
                  93@000030a4: $11 <= 00100000
                  95@000030a8: $10 <= 00080000
                  97@000030ac: $ 8 <= 00080000
                  99@000030b0: $ 9 <= 00080000
                 101@000030b4: $11 <= 00100000
                 103@000030b8: $12 <= 00100000
                 105@000030bc: $10 <= 00100000
                 107@000030c0: $ 8 <= 00000008
                 109@000030c4: $ 9 <= 0000000c
                 111@000030c8: $10 <= 00000010
                 113@000030cc: $11 <= 00000014
                 115@000030d0: $12 <= 00000018
                 117@000030d4: $13 <= 0000001c
                 117@000030d8: *00000008 <= 0000000c
                 121@000030dc: $16 <= 00000004
                 123@000030e0: $17 <= 00000008
                 125@000030e4: $18 <= 0000000c
                 127@000030e8: $14 <= 0000000c
                 131@000030ec: $15 <= 00000018
                 133@000030f0: $ 8 <= 00000008
                 135@000030f4: $ 9 <= 0000000c
                 137@000030f8: $10 <= 00000010
                 139@000030fc: $11 <= 00000014
                 141@00003100: $12 <= 00000018
                 141@00003104: *00000008 <= 0000000c
                 145@00003108: $16 <= 00000004
                 147@0000310c: $17 <= 00000008
                 149@00003110: $18 <= 0000000c
                 151@00003114: $14 <= 0000000c
                 153@00003118: $13 <= 0000001c
                 155@0000311c: $15 <= 00000018
                 157@00003120: $ 8 <= 00000008
                 159@00003124: $ 9 <= 0000000c
                 161@00003128: $10 <= 00000010
                 163@0000312c: $11 <= 00000014
                 165@00003130: $12 <= 00000018
                 165@00003134: *00000008 <= 0000000c
                 169@00003138: $16 <= 00000004
                 171@0000313c: $17 <= 00000008
                 173@00003140: $18 <= 0000000c
                 175@00003144: $14 <= 0000000c
                 177@00003148: $13 <= 0000001c
                 179@0000314c: $24 <= 00000020
                 181@00003150: $15 <= 00000018
                 183@00003154: $ 8 <= 00000008
                 185@00003158: $ 9 <= 0000000c
                 187@0000315c: $10 <= 00000010
                 189@00003160: $31 <= 00003168
                 191@00003164: $11 <= 000062d0
                 193@00003170: $14 <= 00000014
                 195@00003174: $ 8 <= 00000008
                 197@00003178: $ 9 <= 0000000c
                 199@0000317c: $10 <= 00000010
                 201@00003180: $31 <= 00003188
                 203@00003184: $12 <= 00000014
                 205@0000318c: $11 <= 00006310
                 207@00003190: $14 <= 00000014
                 209@00003194: $15 <= 00000018
                 211@00003198: $ 8 <= 00000008
                 213@0000319c: $ 9 <= 0000000c
                 215@000031a0: $10 <= 00000010
                 217@000031a4: $31 <= 000031ac
                 219@000031a8: $12 <= 00000014
                 221@000031b0: $14 <= 00000014
                 223@000031b4: $11 <= 00006358
                 225@000031b8: $14 <= 00000014
                 227@000031bc: $15 <= 00000018
                 229@000031c0: $ 8 <= 00000008
                 231@000031c4: $ 9 <= 0000000c
                 233@000031c8: $ 8 <= 00000008
                 235@000031cc: $10 <= 00000014
                 237@000031d0: $ 9 <= 0000000c
                 239@000031d4: $ 8 <= 00000008
                 241@000031d8: $10 <= 00000014
                 243@000031dc: $11 <= 00000018
                 245@000031e0: $ 9 <= 0000000c
                 247@000031e4: $ 8 <= 00000008
                 249@000031e8: $ 9 <= 00000014
                 251@000031ec: $10 <= 00000018
                 253@000031f0: $11 <= 0000000c
                 255@000031f4: $12 <= 00000010
                 257@000031f8: $13 <= fffffff4
                 259@000031fc: $14 <= fffffffd
                 261@00003200: $ 8 <= 00000008
                 263@00003204: $ 9 <= 00000014
                 265@00003208: $10 <= 00000018
                 267@0000320c: $11 <= 0000000c
                 269@00003210: $12 <= 00000010
                 271@00003214: $13 <= fffffff4
                 273@00003218: $15 <= 00000014
                 275@0000321c: $14 <= fffffffd
                 277@00003220: $ 8 <= 00000008
                 279@00003224: $ 9 <= 00000014
                 281@00003228: $10 <= 00000018
                 283@0000322c: $11 <= 0000000c
                 285@00003230: $12 <= 00000010
                 287@00003234: $13 <= fffffff4
                 289@00003238: $15 <= 00000014
                 291@0000323c: $24 <= 00000018
                 293@00003240: $14 <= fffffffd
                 295@00003244: $ 8 <= 00000008
                 297@00003248: $ 9 <= 00000014
                 299@0000324c: $10 <= 00000004
                 301@00003250: $11 <= 0000000c
                 303@00003254: $12 <= 00000010
                 303@00003258: *00000014 <= 00000008
                 307@0000325c: $13 <= 00000008
                 311@00003260: $14 <= 0000000d
                 313@00003264: $ 8 <= 00000008
                 315@00003268: $ 9 <= 00000014
                 317@0000326c: $10 <= 00000004
                 319@00003270: $11 <= 0000000c
                 321@00003274: $12 <= 00000010
                 321@00003278: *00000014 <= 00000008
                 325@0000327c: $13 <= 00000008
                 327@00003280: $15 <= 00000014
                 329@00003284: $14 <= 0000000d
                 331@00003288: $ 8 <= 00000008
                 333@0000328c: $ 9 <= 00000014
                 335@00003290: $10 <= 00000004
                 337@00003294: $11 <= 0000000c
                 339@00003298: $12 <= 00000010
                 339@0000329c: *00000014 <= 00000008
                 343@000032a0: $13 <= 00000008
                 345@000032a4: $15 <= 00000014
                 347@000032a8: $24 <= 00000018
                 349@000032ac: $14 <= 0000000d
                 351@000032b0: $ 8 <= 00000008
                 353@000032b4: $ 9 <= 00000014
                 355@000032b8: $31 <= 000032c0
                 357@000032bc: $10 <= 000032c8
                 359@000032c4: $12 <= 00000012
                 361@000032c8: $13 <= 00000016
                 363@000032cc: $14 <= 0000001a
                 365@000032d0: $ 8 <= 00000008
                 367@000032d4: $ 9 <= 00000014
                 369@000032d8: $31 <= 000032e0
                 371@000032dc: $10 <= 00000004
                 373@000032e4: $12 <= 000032f2
                 375@000032e8: $13 <= 00000016
                 377@000032ec: $14 <= 0000001a
                 379@000032f0: $ 8 <= 00000008
                 381@000032f4: $ 9 <= 00000014
                 383@000032f8: $31 <= 00003300
                 385@000032fc: $10 <= 00000004
                 387@00003304: $15 <= 00000006
                 389@00003308: $12 <= 00003312
                 391@0000330c: $13 <= 00000016
                 393@00003310: $14 <= 0000001a
                 395@00003314: $ 8 <= 00000004
                 397@00003318: $ 9 <= 00000008
                 399@0000331c: $10 <= 00000009
                 401@00003320: $11 <= 0000000c
                 401@00003324: *00000004 <= 00000008
                 403@00003328: *00000008 <= 00000009
                 405@0000332c: *0000000c <= 0000000c
                 409@00003330: $12 <= 00000004
                 411@00003334: $13 <= 00000008
                 415@00003338: $13 <= 00000008
                 417@0000333c: $ 0 <= 00000005
                 419@00003340: $14 <= 00000009
                 423@00003344: $14 <= 0000000c
                 425@00003348: $16 <= 0000000c
                 427@0000334c: $17 <= 00000010
                 429@00003350: $15 <= 0000000c
                 431@00003354: $ 8 <= 00000004
                 433@00003358: $ 9 <= 00000008
                 435@0000335c: $10 <= 00000009
                 437@00003360: $11 <= 0000000c
                 437@00003364: *00000004 <= 00000008
                 439@00003368: *00000008 <= 00000009
                 441@0000336c: *0000000c <= 0000000c
                 445@00003370: $12 <= 00000004
                 447@00003374: $13 <= 00000008
                 449@00003378: $13 <= 00000008
                 451@0000337c: $ 0 <= 00000005
                 453@00003380: $14 <= 00000009
                 455@00003384: $14 <= 0000000c
                 457@00003388: $16 <= 0000000c
                 459@0000338c: $17 <= 00000010
                 461@00003390: $15 <= 0000000c
                 463@00003394: $ 8 <= 00000004
                 465@00003398: $ 9 <= 00000008
                 467@0000339c: $10 <= 0000000c
                 469@000033a0: $11 <= 00000010
                 469@000033a4: *00000000 <= 00000004
                 471@000033a8: *00000004 <= 00000008
                 473@000033ac: *00000008 <= 0000000c
                 475@000033b0: *0000000c <= 00000010
                 479@000033b4: $12 <= 00000008
                 483@000033b8: $13 <= 0000000c
                 487@000033bc: $13 <= 00000004
                 491@000033c0: $ 0 <= 00000008
                 493@000033c4: $14 <= 00000008
                 497@000033c8: $14 <= 0000000c
                 499@000033cc: $16 <= 00000001
                 501@000033d0: $17 <= 00000002
                 503@000033d4: $15 <= 00000010
                 505@000033d8: $ 8 <= 00000004
                 507@000033dc: $ 9 <= 00000008
                 509@000033e0: $10 <= 0000000c
                 511@000033e4: $11 <= 00000010
                 513@000033e8: $12 <= 00000014
                 515@000033ec: $13 <= 0000000c
                 515@000033f0: *0000000c <= 0000000c
                 519@000033f4: $14 <= 00000004
                 521@000033f8: $16 <= 0000000c
                 521@000033fc: *00000008 <= 00000010
                 525@00003400: $15 <= 00000010
                 527@00003404: $17 <= 00000004
                 529@00003408: $18 <= 00000008
                 529@0000340c: *00000010 <= 00000014
                 533@00003410: $13 <= 00000004
                 533@00003414: *00000004 <= 00000004
                 537@00003418: $13 <= 00000008
                 539@0000341c: $16 <= 00000002
                 539@00003420: *00000010 <= 00000008
                 543@00003424: $14 <= 00000024
                 545@00003428: $16 <= 00000001
                 547@0000342c: $17 <= 00000002
                 547@00003430: *00000008 <= 00000024
                 551@00003434: $ 8 <= 00000004
                 553@00003438: $ 9 <= 00000008
                 555@0000343c: $10 <= 0000000c
                 557@00003440: $11 <= 00000010
                 559@00003444: $12 <= 00000014
                 561@00003448: $13 <= 0000000c
                 561@0000344c: *0000000c <= 0000000c
                 565@00003450: $14 <= 00000004
                 567@00003454: $16 <= 0000000c
                 567@00003458: *00000008 <= 00000010
                 571@0000345c: $15 <= 00000010
                 573@00003460: $17 <= 00000004
                 575@00003464: $18 <= 00000008
                 575@00003468: *00000010 <= 00000014
                 579@0000346c: $13 <= 00030000
                 579@00003470: *00000004 <= 00030000
                 583@00003474: $13 <= 00010000
                 585@00003478: $16 <= 00000002
                 585@0000347c: *00000010 <= 00010000
                 589@00003480: $ 0 <= 00000009
                 591@00003484: $16 <= 00000001
                 593@00003488: $17 <= 00000002
                 593@0000348c: *00000008 <= 00000000
                 597@00003490: $ 8 <= 00000004
                 599@00003494: $ 9 <= 00000008
                 601@00003498: $10 <= 0000000c
                 603@0000349c: $11 <= 00000010
                 605@000034a0: $12 <= 00000014
                 605@000034a4: *00000000 <= 00000004
                 607@000034a8: *00000004 <= 00000008
                 609@000034ac: *00000008 <= 0000000c
                 611@000034b0: *0000000c <= 00000010
                 615@000034b4: $13 <= 00000008
                 617@000034b8: *00000008 <= 0000000c
                 621@000034bc: $14 <= 00000008
                 623@000034c0: $16 <= 0000000c
                 623@000034c4: *0000000c <= 00000010
                 627@000034c8: $15 <= 0000000c
                 629@000034cc: $17 <= 00000004
                 631@000034d0: $18 <= 00000008
                 631@000034d4: *0000000c <= 00000014
                 635@000034d8: $13 <= 00000014
                 637@000034dc: *00000004 <= 00000014
                 641@000034e0: $13 <= 00010000
                 643@000034e4: $16 <= 00000002
                 643@000034e8: *00000010 <= 00010000
                 647@000034ec: $14 <= 0000000c
                 649@000034f0: $16 <= 00000001
                 651@000034f4: $17 <= 00000002
                 651@000034f8: *00000008 <= 0000000c
                 655@000034fc: $ 8 <= 00000004
                 657@00003500: $ 9 <= 00000008
                 659@00003504: $10 <= 0000000c
                 661@00003508: $11 <= 00000010
                 663@0000350c: $12 <= fffffffc
                 665@00003510: $13 <= 0000000c
                 671@00003518: $16 <= 00000001
                 673@00003520: $18 <= 00000003
                 675@00003524: $19 <= 00000004
                 677@00003528: $14 <= 0000000c
                 679@0000352c: $16 <= 00000001
                 685@00003534: $16 <= 00000001
                 687@0000353c: $18 <= 00000003
                 689@00003540: $19 <= 00000004
                 691@00003544: $15 <= 0000000c
                 693@00003548: $16 <= 00000001
                 695@0000354c: $17 <= 00000002
                 701@00003554: $16 <= 00000001
                 703@0000355c: $18 <= 00000003
                 705@00003560: $19 <= 00000004
                 707@00003564: $13 <= fffffffc
                 713@0000356c: $16 <= 00000001
                 715@00003574: $18 <= 00000003
                 717@00003578: $19 <= 00000004
                 719@0000357c: $14 <= fffffffc
                 721@00003580: $16 <= 00000001
                 727@00003588: $16 <= 00000001
                 729@00003590: $18 <= 00000003
                 731@00003594: $19 <= 00000004
                 733@00003598: $15 <= fffffffc
                 735@0000359c: $16 <= 00000001
                 737@000035a0: $17 <= 00000002
                 743@000035a8: $16 <= 00000001
                 745@000035b0: $18 <= 00000003
                 747@000035b4: $19 <= 00000004
                 749@000035b8: $ 8 <= 00000004
                 751@000035bc: $ 9 <= 00000008
                 753@000035c0: $10 <= 0000000c
                 755@000035c4: $11 <= 00000010
                 757@000035c8: $12 <= fffffffc
                 759@000035cc: $13 <= 0000000c
                 765@000035d4: $16 <= 00000001
                 767@000035d8: $17 <= 00000002
                 769@000035dc: $18 <= 00000003
                 771@000035e0: $19 <= 00000004
                 773@000035e4: $14 <= 0000000c
                 775@000035e8: $16 <= 00000001
                 781@000035f0: $16 <= 00000001
                 783@000035f4: $17 <= 00000002
                 785@000035f8: $18 <= 00000003
                 787@000035fc: $19 <= 00000004
                 789@00003600: $15 <= 0000000c
                 791@00003604: $16 <= 00000001
                 793@00003608: $17 <= 00000002
                 799@00003610: $16 <= 00000001
                 801@00003614: $17 <= 00000002
                 803@00003618: $18 <= 00000003
                 805@0000361c: $19 <= 00000004
                 807@00003620: $13 <= fffffffc
                 813@00003628: $16 <= 00000001
                 815@0000362c: $17 <= 00000002
                 817@00003630: $18 <= 00000003
                 819@00003634: $19 <= 00000004
                 821@00003638: $14 <= fffffffc
                 823@0000363c: $16 <= 00000001
                 829@00003644: $16 <= 00000001
                 831@00003648: $17 <= 00000002
                 833@0000364c: $18 <= 00000003
                 835@00003650: $19 <= 00000004
                 837@00003654: $15 <= fffffffc
                 839@00003658: $16 <= 00000001
                 841@0000365c: $17 <= 00000002
                 847@00003664: $16 <= 00000001
                 849@00003668: $17 <= 00000002
                 851@0000366c: $18 <= 00000003
                 853@00003670: $19 <= 00000004
                 855@00003674: $ 8 <= 00000004
                 857@00003678: $ 9 <= 00000008
                 859@0000367c: $10 <= 0000000c
                 861@00003680: $11 <= 00000010
                 863@00003684: $12 <= fffffffc
                 865@00003688: $13 <= 00000010
                 871@00003690: $16 <= 00000001
                 873@00003698: $18 <= 00000003
                 875@0000369c: $19 <= 00000004
                 877@000036a0: $14 <= 00000010
                 879@000036a4: $16 <= 00000001
                 885@000036ac: $16 <= 00000001
                 887@000036b4: $18 <= 00000003
                 889@000036b8: $19 <= 00000004
                 891@000036bc: $15 <= 00000010
                 893@000036c0: $16 <= 00000001
                 895@000036c4: $17 <= 00000002
                 901@000036cc: $16 <= 00000001
                 903@000036d4: $18 <= 00000003
                 905@000036d8: $19 <= 00000004
                 907@000036dc: $13 <= 00000008
                 913@000036e4: $16 <= 00000001
                 915@000036ec: $18 <= 00000003
                 917@000036f0: $19 <= 00000004
                 919@000036f4: $14 <= 00000008
                 921@000036f8: $16 <= 00000001
                 927@00003700: $16 <= 00000001
                 929@00003708: $18 <= 00000003
                 931@0000370c: $19 <= 00000004
                 933@00003710: $15 <= 00000008
                 935@00003714: $16 <= 00000001
                 937@00003718: $17 <= 00000002
                 943@00003720: $16 <= 00000001
                 945@00003728: $18 <= 00000003
                 947@0000372c: $19 <= 00000004
                 949@00003730: $ 8 <= 00000004
                 951@00003734: $ 9 <= 00000008
                 953@00003738: $10 <= 0000000c
                 955@0000373c: $11 <= 00000010
                 957@00003740: $12 <= fffffffc
                 959@00003744: $13 <= 00000010
                 965@0000374c: $16 <= 00000001
                 967@00003750: $17 <= 00000002
                 969@00003754: $18 <= 00000003
                 971@00003758: $19 <= 00000004
                 973@0000375c: $14 <= 00000010
                 975@00003760: $16 <= 00000001
                 981@00003768: $16 <= 00000001
                 983@0000376c: $17 <= 00000002
                 985@00003770: $18 <= 00000003
                 987@00003774: $19 <= 00000004
                 989@00003778: $15 <= 00000010
                 991@0000377c: $16 <= 00000001
                 993@00003780: $17 <= 00000002
                 999@00003788: $16 <= 00000001
# run 1.00us
                1001@0000378c: $17 <= 00000002
                1003@00003790: $18 <= 00000003
                1005@00003794: $19 <= 00000004
                1007@00003798: $13 <= 00000008
                1013@000037a0: $16 <= 00000001
                1015@000037a4: $17 <= 00000002
                1017@000037a8: $18 <= 00000003
                1019@000037ac: $19 <= 00000004
                1021@000037b0: $14 <= 00000008
                1023@000037b4: $16 <= 00000001
                1029@000037bc: $16 <= 00000001
                1031@000037c0: $17 <= 00000002
                1033@000037c4: $18 <= 00000003
                1035@000037c8: $19 <= 00000004
                1037@000037cc: $15 <= 00000008
                1039@000037d0: $16 <= 00000001
                1041@000037d4: $17 <= 00000002
                1047@000037dc: $16 <= 00000001
                1049@000037e0: $17 <= 00000002
                1051@000037e4: $18 <= 00000003
                1053@000037e8: $19 <= 00000004
                1055@000037ec: $ 8 <= 00000004
                1057@000037f0: $ 9 <= 00000008
                1059@000037f4: $10 <= 0000000c
                1061@000037f8: $16 <= 00000001
                1061@000037fc: *00000000 <= 00000004
                1063@00003800: *00000004 <= 00000008
                1065@00003804: *00000008 <= 0000000c
                1069@00003808: $16 <= 00000001
                1071@0000380c: $17 <= 00000002
                1073@00003810: $11 <= 00000008
                1081@00003818: $16 <= 00000001
                1083@00003820: $18 <= 00000002
                1085@00003824: $19 <= 00000003
                1087@00003828: $12 <= 00000008
                1089@0000382c: $18 <= 00000002
                1095@00003834: $16 <= 00000001
                1097@0000383c: $18 <= 00000002
                1099@00003840: $19 <= 00000003
                1101@00003844: $13 <= 00000008
                1103@00003848: $18 <= 00000002
                1105@0000384c: $19 <= 00000003
                1111@00003854: $16 <= 00000001
                1113@0000385c: $18 <= 00000002
                1115@00003860: $19 <= 00000003
                1117@00003864: $14 <= 00000008
                1125@0000386c: $16 <= 00000001
                1127@00003874: $18 <= 00000002
                1129@00003878: $19 <= 00000003
                1131@0000387c: $15 <= 00000008
                1133@00003880: $18 <= 00000002
                1139@00003888: $16 <= 00000001
                1141@00003890: $18 <= 00000002
                1143@00003894: $19 <= 00000003
                1145@00003898: $24 <= 00000008
                1147@0000389c: $18 <= 00000002
                1149@000038a0: $19 <= 00000003
                1155@000038a8: $16 <= 00000001
                1157@000038b0: $18 <= 00000002
                1159@000038b4: $19 <= 00000003
                1161@000038b8: $ 8 <= 00000004
                1163@000038bc: $ 9 <= 00000008
                1165@000038c0: $10 <= 0000000c
                1167@000038c4: $16 <= 00000001
                1167@000038c8: *00000000 <= 00000004
                1169@000038cc: *00000004 <= 00000008
                1171@000038d0: *00000008 <= 0000000c
                1175@000038d4: $16 <= 00000001
                1177@000038d8: $17 <= 00000002
                1179@000038dc: $11 <= 00000008
                1187@000038e4: $16 <= 00000001
                1189@000038e8: $17 <= 00000002
                1191@000038ec: $18 <= 00000002
                1193@000038f0: $19 <= 00000003
                1195@000038f4: $12 <= 00000008
                1197@000038f8: $18 <= 00000002
                1203@00003900: $16 <= 00000001
                1205@00003904: $17 <= 00000002
                1207@00003908: $18 <= 00000002
                1209@0000390c: $19 <= 00000003
                1211@00003910: $13 <= 00000008
                1213@00003914: $18 <= 00000002
                1215@00003918: $19 <= 00000003
                1221@00003920: $16 <= 00000001
                1223@00003924: $17 <= 00000002
                1225@00003928: $18 <= 00000002
                1227@0000392c: $19 <= 00000003
                1229@00003930: $14 <= 00000008
                1237@00003938: $16 <= 00000001
                1239@0000393c: $17 <= 00000002
                1241@00003940: $18 <= 00000002
                1243@00003944: $19 <= 00000003
                1245@00003948: $15 <= 00000008
                1247@0000394c: $18 <= 00000002
                1253@00003954: $16 <= 00000001
                1255@00003958: $17 <= 00000002
                1257@0000395c: $18 <= 00000002
                1259@00003960: $19 <= 00000003
                1261@00003964: $24 <= 00000008
                1263@00003968: $18 <= 00000002
                1265@0000396c: $19 <= 00000003
                1271@00003974: $16 <= 00000001
                1273@00003978: $17 <= 00000002
                1275@0000397c: $18 <= 00000002
                1277@00003980: $19 <= 00000003
                1279@00003984: $ 8 <= 00000004
                1281@00003988: $ 9 <= 000039a0
                1283@0000398c: $10 <= 000039c0
                1285@00003990: $11 <= 000039a4
                1287@00003994: $12 <= 00003a04
                1289@00003998: $31 <= 000039a0
                1291@0000399c: $16 <= 00000001
                1297@000039a8: $16 <= 00000001
                1299@000039b0: $18 <= 00000002
                1301@000039b4: $19 <= 00000003
                1303@000039b8: $31 <= 000039c0
                1305@000039bc: $16 <= 00000001
                1307@000039c4: $18 <= 00000002
                1313@000039cc: $16 <= 00000001
                1315@000039d4: $18 <= 00000002
                1317@000039d8: $19 <= 00000003
                1319@000039dc: $31 <= 000039e4
                1321@000039e0: $16 <= 00000001
                1327@000039ec: $16 <= 00000001
                1329@000039f0: $17 <= 00000002
                1331@000039f4: $18 <= 00000002
                1333@000039f8: $19 <= 00000003
                1335@000039fc: $31 <= 00003a04
                1337@00003a00: $16 <= 00000001
                1339@00003a08: $18 <= 00000002
                1345@00003a10: $16 <= 00000001
                1347@00003a18: $18 <= 00000002
                1349@00003a1c: $19 <= 00000003
                1351@00003a20: $ 8 <= 00000004
                1353@00003a24: $ 9 <= 0000399c
                1355@00003a28: $10 <= 000039bc
                1357@00003a2c: $11 <= 000039e0
                1359@00003a30: $12 <= 00003a00
                1361@00003a34: $31 <= 00003a3c
                1363@00003a38: $16 <= 00000001
                1369@00003a44: $16 <= 00000001
                1371@00003a48: $17 <= 00000002
                1373@00003a4c: $18 <= 00000002
                1375@00003a50: $19 <= 00000003
                1377@00003a54: $31 <= 00003a5c
                1379@00003a58: $16 <= 00000001
                1381@00003a60: $18 <= 00000002
                1387@00003a68: $16 <= 00000001
                1389@00003a6c: $17 <= 00000002
                1391@00003a70: $18 <= 00000002
                1393@00003a74: $19 <= 00000003
                1395@00003a78: $31 <= 00003a80
                1397@00003a7c: $16 <= 00000001
                1403@00003a88: $16 <= 00000001
                1405@00003a8c: $17 <= 00000002
                1407@00003a90: $18 <= 00000002
                1409@00003a94: $19 <= 00000003
                1411@00003a98: $31 <= 00003aa0
                1413@00003a9c: $16 <= 00000001
                1415@00003aa4: $18 <= 00000002
                1421@00003aac: $16 <= 00000001
                1423@00003ab0: $17 <= 00000002
                1425@00003ab4: $18 <= 00000002
                1427@00003ab8: $19 <= 00000003
                1429@00003abc: $ 8 <= 00000004
                1431@00003ac0: $ 9 <= 00003010
                1433@00003ac4: $10 <= 00003030
                1435@00003ac8: $11 <= 00003050
                1437@00003acc: $12 <= 00003070
                1439@00003ad0: $31 <= 00003ad8
                1441@00003ad4: $16 <= 00000001
                1447@00003af0: $16 <= 00000001
                1449@00003ad8: $17 <= 00000002
                1451@00003adc: $18 <= 00000002
                1453@00003ae0: $19 <= 00000003
                1457@00003ae8: $20 <= 00000004
                1459@00003af8: $ 8 <= 00000004
                1461@00003afc: $ 9 <= 00003010
                1463@00003b00: $10 <= 00003030
                1465@00003b04: $11 <= 00003050
                1467@00003b08: $12 <= 00003070
                1469@00003b0c: $31 <= 00003b14
                1471@00003b10: $16 <= 00000001
                1473@00003b28: $19 <= 00000003
                1479@00003b30: $16 <= 00000001
                1481@00003b14: $17 <= 00000002
                1483@00003b18: $18 <= 00000002
                1485@00003b1c: $19 <= 00000003
                1489@00003b24: $20 <= 00000004
                1491@00003b38: $ 8 <= 00000004
                1493@00003b3c: $ 9 <= 00000008
                1495@00003b40: $10 <= 00003b58
                1497@00003b44: $16 <= 00000001
                1499@00003b48: $17 <= 00000002
                1501@00003b4c: $18 <= 00000003
                1503@00003b50: $11 <= 00003b5c
                1509@00003b58: $16 <= 00000001
                1511@00003b5c: $17 <= 00000002
                1513@00003b60: $18 <= 00000003
                1515@00003b64: $ 8 <= 00000004
                1517@00003b68: $ 9 <= 00000008
                1519@00003b6c: $10 <= 00003b88
                1521@00003b70: $16 <= 00000001
                1523@00003b74: $17 <= 00000002
                1525@00003b78: $18 <= 00000003
                1527@00003b7c: $11 <= 00003b8c
                1529@00003b80: $16 <= 00000001
                1535@00003b88: $16 <= 00000001
                1537@00003b8c: $17 <= 00000002
                1539@00003b90: $18 <= 00000003
                1541@00003b94: $ 8 <= 00000004
                1543@00003b98: $ 9 <= 00000008
                1545@00003b9c: $10 <= 00003bbc
                1547@00003ba0: $16 <= 00000001
                1549@00003ba4: $17 <= 00000002
                1551@00003ba8: $18 <= 00000003
                1553@00003bac: $11 <= 00003bc0
                1555@00003bb0: $16 <= 00000001
                1557@00003bb4: $17 <= 00000002
                1563@00003bbc: $16 <= 00000001
                1565@00003bc0: $17 <= 00000002
                1567@00003bc4: $18 <= 00000003
                1569@00003bc8: $ 8 <= 00000004
                1571@00003bcc: $ 9 <= 00000008
                1573@00003bd0: $10 <= 00003bec
                1575@00003bd4: $16 <= 00000001
                1577@00003bd8: $17 <= 00000002
                1579@00003bdc: $18 <= 00000003
                1581@00003be0: $11 <= 00003bec
                1587@00003be8: $16 <= 00000001
                1589@00003bec: $17 <= 00000002
                1591@00003bf0: $18 <= 00000003
                1593@00003bf4: $ 8 <= 00000004
                1595@00003bf8: $ 9 <= 00000008
                1597@00003bfc: $10 <= 00003c1c
                1599@00003c00: $16 <= 00000001
                1601@00003c04: $17 <= 00000002
                1603@00003c08: $18 <= 00000003
                1605@00003c0c: $11 <= 00003c1c
                1607@00003c10: $16 <= 00000001
                1613@00003c18: $16 <= 00000001
                1615@00003c1c: $17 <= 00000002
                1617@00003c20: $18 <= 00000003
                1619@00003c24: $ 8 <= 00000004
                1621@00003c28: $ 9 <= 00000008
                1623@00003c2c: $10 <= 00003c50
                1625@00003c30: $16 <= 00000001
                1627@00003c34: $17 <= 00000002
                1629@00003c38: $18 <= 00000003
                1631@00003c3c: $11 <= 00003c50
                1633@00003c40: $16 <= 00000001
                1635@00003c44: $17 <= 00000002
                1641@00003c4c: $16 <= 00000001
                1643@00003c50: $17 <= 00000002
                1645@00003c54: $18 <= 00000003
                1647@00003c58: $ 8 <= 00003c84
                1649@00003c5c: $ 9 <= 00003008
                1651@00003c60: $16 <= 00000000
                1653@00003c64: $16 <= 00000000
                1653@00003c68: *00000000 <= 00003c84
                1655@00003c6c: *00000004 <= 00003008
                1659@00003c70: $16 <= 00000000
                1661@00003c74: $16 <= 00000000
                1663@00003c78: $10 <= 00003c84
                1671@00003c80: $16 <= 00000000
                1673@00003c84: $16 <= 00000000
                1675@00003c88: $16 <= 00000000
                1677@00003c8c: $ 8 <= 00003cbc
                1679@00003c90: $ 9 <= 00003008
                1681@00003c94: $16 <= 00000000
                1683@00003c98: $16 <= 00000000
                1683@00003c9c: *00000000 <= 00003cbc
                1685@00003ca0: *00000004 <= 00003008
                1689@00003ca4: $16 <= 00000000
                1691@00003ca8: $16 <= 00000000
                1693@00003cac: $10 <= 00003cbc
                1695@00003cb0: $16 <= 00000000
                1701@00003cb8: $16 <= 00000000
                1703@00003cbc: $16 <= 00000000
                1705@00003cc0: $16 <= 00000000
                1707@00003cc4: $ 8 <= 00003cf8
                1709@00003cc8: $ 9 <= 00003008
                1711@00003ccc: $16 <= 00000000
                1713@00003cd0: $16 <= 00000000
                1713@00003cd4: *00000000 <= 00003cf8
                1715@00003cd8: *00000004 <= 00003008
                1719@00003cdc: $16 <= 00000000
                1721@00003ce0: $16 <= 00000000
                1723@00003ce4: $10 <= 00003cf8
                1725@00003ce8: $16 <= 00000000
                1727@00003cec: $16 <= 00000000
                1733@00003cf4: $16 <= 00000000
                1735@00003cf8: $16 <= 00000000
                1737@00003cfc: $16 <= 00000000
# run 1.00us
