--------------------------------------------------------------------------------
Release 14.7 Trace  (nt64)
Copyright (c) 1995-2013 Xilinx, Inc.  All rights reserved.

E:\ISEapp\14.7\ISE_DS\ISE\bin\nt64\unwrapped\trce.exe -intstyle ise -v 3 -s 2
-n 3 -fastpaths -xml p1_hw1_2.twx p1_hw1_2.ncd -o p1_hw1_2.twr p1_hw1_2.pcf

Design file:              p1_hw1_2.ncd
Physical constraint file: p1_hw1_2.pcf
Device,package,speed:     xc6slx150,fgg676,C,-2 (PRODUCTION 1.23 2013-10-13)
Report level:             verbose report

Environment Variable      Effect 
--------------------      ------ 
NONE                      No environment variables were set
--------------------------------------------------------------------------------

INFO:Timing:2698 - No timing constraints found, doing default enumeration.
INFO:Timing:3412 - To improve timing, see the Timing Closure User Guide (UG612).
INFO:Timing:2752 - To get complete path coverage, use the unconstrained paths 
   option. All paths that are not constrained will be reported in the 
   unconstrained paths section(s) of the report.
INFO:Timing:3339 - The clock-to-out numbers in this timing report are based on 
   a 50 Ohm transmission line loading model.  For the details of this model, 
   and for more information on accounting for different loading conditions, 
   please see the device datasheet.



Data Sheet report:
-----------------
All values displayed in nanoseconds (ns)

Pad to Pad
---------------+---------------+---------+
Source Pad     |Destination Pad|  Delay  |
---------------+---------------+---------+
A<0>           |C<0>           |   21.687|
A<0>           |C<1>           |   20.346|
A<0>           |C<2>           |   20.749|
A<0>           |C<3>           |   20.838|
A<0>           |C<4>           |   21.832|
A<0>           |C<5>           |   21.192|
A<0>           |C<6>           |   20.941|
A<0>           |C<7>           |   21.058|
A<0>           |C<8>           |   20.391|
A<0>           |C<9>           |   21.171|
A<0>           |C<10>          |   21.449|
A<0>           |C<11>          |   20.593|
A<0>           |C<12>          |   21.344|
A<0>           |C<13>          |   20.203|
A<0>           |C<14>          |   20.922|
A<0>           |C<15>          |   19.781|
A<0>           |C<16>          |   20.177|
A<0>           |C<17>          |   19.775|
A<0>           |C<18>          |   19.848|
A<0>           |C<19>          |   19.867|
A<0>           |C<20>          |   20.295|
A<0>           |C<21>          |   19.643|
A<0>           |C<22>          |   20.360|
A<0>           |C<23>          |   19.484|
A<0>           |C<24>          |   19.497|
A<0>           |C<25>          |   19.477|
A<0>           |C<26>          |   19.648|
A<0>           |C<27>          |   19.297|
A<0>           |C<28>          |   19.512|
A<0>           |C<29>          |   19.044|
A<0>           |C<30>          |   19.635|
A<0>           |C<31>          |   19.048|
A<1>           |C<0>           |   22.548|
A<1>           |C<1>           |   22.063|
A<1>           |C<2>           |   21.836|
A<1>           |C<3>           |   21.937|
A<1>           |C<4>           |   22.912|
A<1>           |C<5>           |   22.272|
A<1>           |C<6>           |   22.021|
A<1>           |C<7>           |   22.138|
A<1>           |C<8>           |   21.471|
A<1>           |C<9>           |   22.257|
A<1>           |C<10>          |   22.535|
A<1>           |C<11>          |   21.673|
A<1>           |C<12>          |   22.430|
A<1>           |C<13>          |   21.283|
A<1>           |C<14>          |   22.002|
A<1>           |C<15>          |   20.867|
A<1>           |C<16>          |   21.257|
A<1>           |C<17>          |   20.861|
A<1>           |C<18>          |   20.934|
A<1>           |C<19>          |   20.947|
A<1>           |C<20>          |   21.375|
A<1>           |C<21>          |   20.723|
A<1>           |C<22>          |   21.446|
A<1>           |C<23>          |   20.564|
A<1>           |C<24>          |   20.577|
A<1>           |C<25>          |   20.557|
A<1>           |C<26>          |   20.728|
A<1>           |C<27>          |   20.377|
A<1>           |C<28>          |   20.592|
A<1>           |C<29>          |   20.124|
A<1>           |C<30>          |   20.715|
A<1>           |C<31>          |   20.128|
A<2>           |C<0>           |   22.647|
A<2>           |C<1>           |   22.211|
A<2>           |C<2>           |   23.237|
A<2>           |C<3>           |   23.343|
A<2>           |C<4>           |   24.322|
A<2>           |C<5>           |   23.682|
A<2>           |C<6>           |   23.431|
A<2>           |C<7>           |   23.548|
A<2>           |C<8>           |   22.881|
A<2>           |C<9>           |   23.488|
A<2>           |C<10>          |   23.766|
A<2>           |C<11>          |   23.083|
A<2>           |C<12>          |   23.793|
A<2>           |C<13>          |   22.693|
A<2>           |C<14>          |   23.412|
A<2>           |C<15>          |   22.111|
A<2>           |C<16>          |   22.667|
A<2>           |C<17>          |   22.131|
A<2>           |C<18>          |   22.165|
A<2>           |C<19>          |   22.357|
A<2>           |C<20>          |   22.785|
A<2>           |C<21>          |   22.133|
A<2>           |C<22>          |   22.677|
A<2>           |C<23>          |   21.974|
A<2>           |C<24>          |   21.987|
A<2>           |C<25>          |   21.967|
A<2>           |C<26>          |   22.138|
A<2>           |C<27>          |   21.787|
A<2>           |C<28>          |   22.002|
A<2>           |C<29>          |   21.534|
A<2>           |C<30>          |   22.125|
A<2>           |C<31>          |   21.538|
A<3>           |C<0>           |   22.231|
A<3>           |C<1>           |   22.563|
A<3>           |C<2>           |   22.535|
A<3>           |C<3>           |   23.524|
A<3>           |C<4>           |   24.560|
A<3>           |C<5>           |   23.920|
A<3>           |C<6>           |   23.669|
A<3>           |C<7>           |   23.786|
A<3>           |C<8>           |   23.119|
A<3>           |C<9>           |   23.726|
A<3>           |C<10>          |   23.882|
A<3>           |C<11>          |   23.321|
A<3>           |C<12>          |   24.031|
A<3>           |C<13>          |   22.931|
A<3>           |C<14>          |   23.650|
A<3>           |C<15>          |   22.349|
A<3>           |C<16>          |   22.905|
A<3>           |C<17>          |   22.369|
A<3>           |C<18>          |   22.403|
A<3>           |C<19>          |   22.595|
A<3>           |C<20>          |   23.023|
A<3>           |C<21>          |   22.371|
A<3>           |C<22>          |   22.804|
A<3>           |C<23>          |   22.212|
A<3>           |C<24>          |   22.225|
A<3>           |C<25>          |   22.205|
A<3>           |C<26>          |   22.376|
A<3>           |C<27>          |   22.025|
A<3>           |C<28>          |   22.240|
A<3>           |C<29>          |   21.772|
A<3>           |C<30>          |   22.363|
A<3>           |C<31>          |   21.776|
A<4>           |C<0>           |   21.315|
A<4>           |C<1>           |   20.234|
A<4>           |C<2>           |   19.798|
A<4>           |C<3>           |   20.440|
A<4>           |C<4>           |   21.107|
A<4>           |C<5>           |   20.080|
A<4>           |C<6>           |   19.961|
A<4>           |C<7>           |   20.071|
A<4>           |C<8>           |   19.438|
A<4>           |C<9>           |   20.164|
A<4>           |C<10>          |   20.442|
A<4>           |C<11>          |   19.640|
A<4>           |C<12>          |   20.350|
A<4>           |C<13>          |   19.250|
A<4>           |C<14>          |   19.969|
A<4>           |C<15>          |   18.774|
A<4>           |C<16>          |   19.224|
A<4>           |C<17>          |   18.768|
A<4>           |C<18>          |   18.841|
A<4>           |C<19>          |   18.914|
A<4>           |C<20>          |   19.342|
A<4>           |C<21>          |   18.690|
A<4>           |C<22>          |   19.353|
A<4>           |C<23>          |   18.531|
A<4>           |C<24>          |   18.544|
A<4>           |C<25>          |   18.524|
A<4>           |C<26>          |   18.695|
A<4>           |C<27>          |   18.344|
A<4>           |C<28>          |   18.559|
A<4>           |C<29>          |   18.091|
A<4>           |C<30>          |   18.682|
A<4>           |C<31>          |   18.095|
A<5>           |C<0>           |   23.222|
A<5>           |C<1>           |   22.511|
A<5>           |C<2>           |   22.307|
A<5>           |C<3>           |   22.452|
A<5>           |C<4>           |   23.014|
A<5>           |C<5>           |   22.374|
A<5>           |C<6>           |   21.997|
A<5>           |C<7>           |   22.118|
A<5>           |C<8>           |   21.597|
A<5>           |C<9>           |   22.394|
A<5>           |C<10>          |   22.672|
A<5>           |C<11>          |   21.799|
A<5>           |C<12>          |   22.567|
A<5>           |C<13>          |   21.278|
A<5>           |C<14>          |   21.997|
A<5>           |C<15>          |   21.004|
A<5>           |C<16>          |   21.252|
A<5>           |C<17>          |   20.998|
A<5>           |C<18>          |   21.071|
A<5>           |C<19>          |   20.942|
A<5>           |C<20>          |   21.370|
A<5>           |C<21>          |   20.718|
A<5>           |C<22>          |   21.583|
A<5>           |C<23>          |   20.559|
A<5>           |C<24>          |   20.572|
A<5>           |C<25>          |   20.552|
A<5>           |C<26>          |   20.723|
A<5>           |C<27>          |   20.372|
A<5>           |C<28>          |   20.594|
A<5>           |C<29>          |   20.119|
A<5>           |C<30>          |   20.710|
A<5>           |C<31>          |   20.223|
A<6>           |C<0>           |   21.403|
A<6>           |C<1>           |   20.410|
A<6>           |C<2>           |   20.408|
A<6>           |C<3>           |   20.528|
A<6>           |C<4>           |   21.195|
A<6>           |C<5>           |   20.273|
A<6>           |C<6>           |   20.688|
A<6>           |C<7>           |   20.787|
A<6>           |C<8>           |   20.139|
A<6>           |C<9>           |   20.785|
A<6>           |C<10>          |   21.063|
A<6>           |C<11>          |   20.341|
A<6>           |C<12>          |   21.051|
A<6>           |C<13>          |   19.951|
A<6>           |C<14>          |   20.670|
A<6>           |C<15>          |   19.395|
A<6>           |C<16>          |   19.925|
A<6>           |C<17>          |   19.389|
A<6>           |C<18>          |   19.462|
A<6>           |C<19>          |   19.615|
A<6>           |C<20>          |   20.043|
A<6>           |C<21>          |   19.391|
A<6>           |C<22>          |   19.974|
A<6>           |C<23>          |   19.232|
A<6>           |C<24>          |   19.245|
A<6>           |C<25>          |   19.225|
A<6>           |C<26>          |   19.396|
A<6>           |C<27>          |   19.045|
A<6>           |C<28>          |   19.260|
A<6>           |C<29>          |   18.792|
A<6>           |C<30>          |   19.383|
A<6>           |C<31>          |   18.796|
A<7>           |C<0>           |   21.424|
A<7>           |C<1>           |   20.713|
A<7>           |C<2>           |   20.431|
A<7>           |C<3>           |   20.366|
A<7>           |C<4>           |   21.216|
A<7>           |C<5>           |   20.576|
A<7>           |C<6>           |   20.711|
A<7>           |C<7>           |   20.877|
A<7>           |C<8>           |   20.286|
A<7>           |C<9>           |   20.893|
A<7>           |C<10>          |   21.051|
A<7>           |C<11>          |   20.488|
A<7>           |C<12>          |   21.198|
A<7>           |C<13>          |   20.098|
A<7>           |C<14>          |   20.817|
A<7>           |C<15>          |   19.516|
A<7>           |C<16>          |   20.072|
A<7>           |C<17>          |   19.536|
A<7>           |C<18>          |   19.570|
A<7>           |C<19>          |   19.762|
A<7>           |C<20>          |   20.190|
A<7>           |C<21>          |   19.538|
A<7>           |C<22>          |   19.971|
A<7>           |C<23>          |   19.379|
A<7>           |C<24>          |   19.392|
A<7>           |C<25>          |   19.372|
A<7>           |C<26>          |   19.543|
A<7>           |C<27>          |   19.192|
A<7>           |C<28>          |   19.407|
A<7>           |C<29>          |   18.939|
A<7>           |C<30>          |   19.530|
A<7>           |C<31>          |   18.943|
A<8>           |C<0>           |   22.750|
A<8>           |C<1>           |   23.098|
A<8>           |C<2>           |   23.096|
A<8>           |C<3>           |   23.110|
A<8>           |C<4>           |   22.836|
A<8>           |C<5>           |   22.961|
A<8>           |C<6>           |   23.376|
A<8>           |C<7>           |   22.758|
A<8>           |C<8>           |   22.555|
A<8>           |C<9>           |   23.148|
A<8>           |C<10>          |   23.375|
A<8>           |C<11>          |   22.868|
A<8>           |C<12>          |   23.612|
A<8>           |C<13>          |   22.512|
A<8>           |C<14>          |   23.231|
A<8>           |C<15>          |   21.930|
A<8>           |C<16>          |   22.486|
A<8>           |C<17>          |   21.950|
A<8>           |C<18>          |   21.984|
A<8>           |C<19>          |   22.176|
A<8>           |C<20>          |   22.604|
A<8>           |C<21>          |   21.952|
A<8>           |C<22>          |   22.385|
A<8>           |C<23>          |   21.793|
A<8>           |C<24>          |   21.806|
A<8>           |C<25>          |   21.786|
A<8>           |C<26>          |   21.957|
A<8>           |C<27>          |   21.606|
A<8>           |C<28>          |   21.821|
A<8>           |C<29>          |   21.353|
A<8>           |C<30>          |   21.944|
A<8>           |C<31>          |   21.357|
A<9>           |C<0>           |   20.263|
A<9>           |C<1>           |   19.968|
A<9>           |C<2>           |   20.273|
A<9>           |C<3>           |   20.686|
A<9>           |C<4>           |   20.349|
A<9>           |C<5>           |   20.072|
A<9>           |C<6>           |   20.553|
A<9>           |C<7>           |   20.334|
A<9>           |C<8>           |   20.056|
A<9>           |C<9>           |   20.868|
A<9>           |C<10>          |   20.653|
A<9>           |C<11>          |   19.811|
A<9>           |C<12>          |   20.581|
A<9>           |C<13>          |   19.225|
A<9>           |C<14>          |   19.944|
A<9>           |C<15>          |   19.018|
A<9>           |C<16>          |   19.199|
A<9>           |C<17>          |   19.012|
A<9>           |C<18>          |   19.085|
A<9>           |C<19>          |   18.889|
A<9>           |C<20>          |   19.317|
A<9>           |C<21>          |   18.665|
A<9>           |C<22>          |   19.597|
A<9>           |C<23>          |   18.506|
A<9>           |C<24>          |   18.519|
A<9>           |C<25>          |   18.499|
A<9>           |C<26>          |   18.670|
A<9>           |C<27>          |   18.375|
A<9>           |C<28>          |   18.608|
A<9>           |C<29>          |   18.066|
A<9>           |C<30>          |   18.657|
A<9>           |C<31>          |   18.237|
A<10>          |C<0>           |   19.963|
A<10>          |C<1>           |   19.343|
A<10>          |C<2>           |   19.616|
A<10>          |C<3>           |   20.288|
A<10>          |C<4>           |   20.049|
A<10>          |C<5>           |   19.447|
A<10>          |C<6>           |   19.850|
A<10>          |C<7>           |   19.936|
A<10>          |C<8>           |   19.756|
A<10>          |C<9>           |   20.243|
A<10>          |C<10>          |   21.412|
A<10>          |C<11>          |   19.090|
A<10>          |C<12>          |   19.888|
A<10>          |C<13>          |   18.532|
A<10>          |C<14>          |   19.251|
A<10>          |C<15>          |   18.325|
A<10>          |C<16>          |   18.506|
A<10>          |C<17>          |   18.319|
A<10>          |C<18>          |   18.392|
A<10>          |C<19>          |   18.196|
A<10>          |C<20>          |   18.624|
A<10>          |C<21>          |   17.972|
A<10>          |C<22>          |   18.904|
A<10>          |C<23>          |   17.813|
A<10>          |C<24>          |   17.826|
A<10>          |C<25>          |   17.806|
A<10>          |C<26>          |   17.977|
A<10>          |C<27>          |   17.682|
A<10>          |C<28>          |   17.915|
A<10>          |C<29>          |   17.373|
A<10>          |C<30>          |   17.964|
A<10>          |C<31>          |   17.544|
A<11>          |C<0>           |   21.837|
A<11>          |C<1>           |   21.172|
A<11>          |C<2>           |   21.434|
A<11>          |C<3>           |   22.848|
A<11>          |C<4>           |   21.923|
A<11>          |C<5>           |   21.276|
A<11>          |C<6>           |   21.668|
A<11>          |C<7>           |   21.784|
A<11>          |C<8>           |   21.630|
A<11>          |C<9>           |   22.072|
A<11>          |C<10>          |   23.230|
A<11>          |C<11>          |   22.833|
A<11>          |C<12>          |   21.886|
A<11>          |C<13>          |   20.463|
A<11>          |C<14>          |   20.992|
A<11>          |C<15>          |   20.323|
A<11>          |C<16>          |   20.300|
A<11>          |C<17>          |   20.317|
A<11>          |C<18>          |   20.390|
A<11>          |C<19>          |   20.028|
A<11>          |C<20>          |   20.530|
A<11>          |C<21>          |   19.713|
A<11>          |C<22>          |   20.902|
A<11>          |C<23>          |   19.681|
A<11>          |C<24>          |   19.593|
A<11>          |C<25>          |   19.547|
A<11>          |C<26>          |   19.718|
A<11>          |C<27>          |   19.680|
A<11>          |C<28>          |   19.913|
A<11>          |C<29>          |   19.114|
A<11>          |C<30>          |   19.705|
A<11>          |C<31>          |   19.542|
A<12>          |C<0>           |   21.553|
A<12>          |C<1>           |   20.274|
A<12>          |C<2>           |   20.634|
A<12>          |C<3>           |   20.889|
A<12>          |C<4>           |   21.345|
A<12>          |C<5>           |   20.378|
A<12>          |C<6>           |   20.868|
A<12>          |C<7>           |   19.825|
A<12>          |C<8>           |   19.948|
A<12>          |C<9>           |   21.174|
A<12>          |C<10>          |   22.430|
A<12>          |C<11>          |   20.874|
A<12>          |C<12>          |   20.854|
A<12>          |C<13>          |   19.465|
A<12>          |C<14>          |   20.316|
A<12>          |C<15>          |   19.430|
A<12>          |C<16>          |   19.598|
A<12>          |C<17>          |   19.427|
A<12>          |C<18>          |   19.500|
A<12>          |C<19>          |   19.288|
A<12>          |C<20>          |   19.716|
A<12>          |C<21>          |   19.064|
A<12>          |C<22>          |   20.012|
A<12>          |C<23>          |   18.905|
A<12>          |C<24>          |   18.918|
A<12>          |C<25>          |   18.898|
A<12>          |C<26>          |   19.069|
A<12>          |C<27>          |   18.790|
A<12>          |C<28>          |   19.023|
A<12>          |C<29>          |   18.465|
A<12>          |C<30>          |   19.056|
A<12>          |C<31>          |   18.652|
A<13>          |C<0>           |   20.861|
A<13>          |C<1>           |   19.912|
A<13>          |C<2>           |   19.872|
A<13>          |C<3>           |   20.837|
A<13>          |C<4>           |   20.653|
A<13>          |C<5>           |   19.775|
A<13>          |C<6>           |   20.106|
A<13>          |C<7>           |   19.773|
A<13>          |C<8>           |   19.256|
A<13>          |C<9>           |   19.430|
A<13>          |C<10>          |   21.668|
A<13>          |C<11>          |   20.822|
A<13>          |C<12>          |   18.792|
A<13>          |C<13>          |   19.500|
A<13>          |C<14>          |   19.310|
A<13>          |C<15>          |   18.285|
A<13>          |C<16>          |   18.584|
A<13>          |C<17>          |   18.281|
A<13>          |C<18>          |   18.354|
A<13>          |C<19>          |   18.274|
A<13>          |C<20>          |   18.702|
A<13>          |C<21>          |   18.050|
A<13>          |C<22>          |   18.866|
A<13>          |C<23>          |   17.891|
A<13>          |C<24>          |   17.904|
A<13>          |C<25>          |   17.884|
A<13>          |C<26>          |   18.055|
A<13>          |C<27>          |   17.704|
A<13>          |C<28>          |   17.919|
A<13>          |C<29>          |   17.451|
A<13>          |C<30>          |   18.042|
A<13>          |C<31>          |   17.506|
A<14>          |C<0>           |   20.687|
A<14>          |C<1>           |   20.326|
A<14>          |C<2>           |   19.860|
A<14>          |C<3>           |   20.870|
A<14>          |C<4>           |   20.479|
A<14>          |C<5>           |   20.189|
A<14>          |C<6>           |   20.140|
A<14>          |C<7>           |   19.806|
A<14>          |C<8>           |   19.082|
A<14>          |C<9>           |   19.844|
A<14>          |C<10>          |   19.776|
A<14>          |C<11>          |   20.855|
A<14>          |C<12>          |   18.618|
A<14>          |C<13>          |   19.914|
A<14>          |C<14>          |   19.766|
A<14>          |C<15>          |   18.418|
A<14>          |C<16>          |   18.527|
A<14>          |C<17>          |   18.442|
A<14>          |C<18>          |   18.515|
A<14>          |C<19>          |   18.217|
A<14>          |C<20>          |   18.655|
A<14>          |C<21>          |   17.993|
A<14>          |C<22>          |   19.027|
A<14>          |C<23>          |   17.834|
A<14>          |C<24>          |   17.847|
A<14>          |C<25>          |   17.827|
A<14>          |C<26>          |   17.998|
A<14>          |C<27>          |   17.805|
A<14>          |C<28>          |   18.038|
A<14>          |C<29>          |   17.394|
A<14>          |C<30>          |   17.985|
A<14>          |C<31>          |   17.667|
A<15>          |C<0>           |   21.007|
A<15>          |C<1>           |   20.353|
A<15>          |C<2>           |   20.690|
A<15>          |C<3>           |   20.380|
A<15>          |C<4>           |   20.799|
A<15>          |C<5>           |   20.216|
A<15>          |C<6>           |   20.970|
A<15>          |C<7>           |   20.028|
A<15>          |C<8>           |   19.402|
A<15>          |C<9>           |   19.871|
A<15>          |C<10>          |   20.606|
A<15>          |C<11>          |   19.928|
A<15>          |C<12>          |   18.938|
A<15>          |C<13>          |   19.941|
A<15>          |C<14>          |   20.596|
A<15>          |C<15>          |   19.593|
A<15>          |C<16>          |   18.954|
A<15>          |C<17>          |   18.620|
A<15>          |C<18>          |   18.693|
A<15>          |C<19>          |   18.644|
A<15>          |C<20>          |   19.072|
A<15>          |C<21>          |   18.420|
A<15>          |C<22>          |   19.205|
A<15>          |C<23>          |   18.261|
A<15>          |C<24>          |   18.274|
A<15>          |C<25>          |   18.254|
A<15>          |C<26>          |   18.425|
A<15>          |C<27>          |   18.074|
A<15>          |C<28>          |   18.289|
A<15>          |C<29>          |   17.821|
A<15>          |C<30>          |   18.412|
A<15>          |C<31>          |   17.845|
A<16>          |C<0>           |   21.723|
A<16>          |C<1>           |   21.523|
A<16>          |C<2>           |   21.066|
A<16>          |C<3>           |   21.037|
A<16>          |C<4>           |   21.907|
A<16>          |C<5>           |   21.386|
A<16>          |C<6>           |   21.346|
A<16>          |C<7>           |   20.685|
A<16>          |C<8>           |   21.546|
A<16>          |C<9>           |   21.041|
A<16>          |C<10>          |   20.982|
A<16>          |C<11>          |   20.806|
A<16>          |C<12>          |   20.500|
A<16>          |C<13>          |   21.111|
A<16>          |C<14>          |   20.972|
A<16>          |C<15>          |   20.471|
A<16>          |C<16>          |   20.044|
A<16>          |C<17>          |   19.494|
A<16>          |C<18>          |   19.660|
A<16>          |C<19>          |   19.845|
A<16>          |C<20>          |   20.307|
A<16>          |C<21>          |   19.655|
A<16>          |C<22>          |   20.178|
A<16>          |C<23>          |   19.496|
A<16>          |C<24>          |   19.509|
A<16>          |C<25>          |   19.489|
A<16>          |C<26>          |   19.660|
A<16>          |C<27>          |   19.309|
A<16>          |C<28>          |   19.524|
A<16>          |C<29>          |   19.056|
A<16>          |C<30>          |   19.647|
A<16>          |C<31>          |   19.060|
A<17>          |C<0>           |   20.919|
A<17>          |C<1>           |   22.582|
A<17>          |C<2>           |   21.112|
A<17>          |C<3>           |   21.187|
A<17>          |C<4>           |   21.103|
A<17>          |C<5>           |   20.529|
A<17>          |C<6>           |   21.392|
A<17>          |C<7>           |   20.835|
A<17>          |C<8>           |   20.742|
A<17>          |C<9>           |   21.896|
A<17>          |C<10>          |   21.028|
A<17>          |C<11>          |   20.755|
A<17>          |C<12>          |   19.696|
A<17>          |C<13>          |   20.549|
A<17>          |C<14>          |   21.018|
A<17>          |C<15>          |   20.420|
A<17>          |C<16>          |   18.940|
A<17>          |C<17>          |   21.065|
A<17>          |C<18>          |   19.337|
A<17>          |C<19>          |   19.286|
A<17>          |C<20>          |   19.729|
A<17>          |C<21>          |   19.077|
A<17>          |C<22>          |   19.882|
A<17>          |C<23>          |   18.918|
A<17>          |C<24>          |   18.931|
A<17>          |C<25>          |   18.911|
A<17>          |C<26>          |   19.082|
A<17>          |C<27>          |   18.731|
A<17>          |C<28>          |   18.946|
A<17>          |C<29>          |   18.478|
A<17>          |C<30>          |   19.069|
A<17>          |C<31>          |   18.522|
A<18>          |C<0>           |   21.096|
A<18>          |C<1>           |   22.625|
A<18>          |C<2>           |   23.256|
A<18>          |C<3>           |   21.327|
A<18>          |C<4>           |   21.280|
A<18>          |C<5>           |   20.572|
A<18>          |C<6>           |   20.918|
A<18>          |C<7>           |   20.975|
A<18>          |C<8>           |   20.919|
A<18>          |C<9>           |   21.939|
A<18>          |C<10>          |   22.845|
A<18>          |C<11>          |   21.066|
A<18>          |C<12>          |   19.873|
A<18>          |C<13>          |   20.592|
A<18>          |C<14>          |   20.305|
A<18>          |C<15>          |   20.731|
A<18>          |C<16>          |   19.117|
A<18>          |C<17>          |   21.108|
A<18>          |C<18>          |   21.689|
A<18>          |C<19>          |   19.388|
A<18>          |C<20>          |   19.835|
A<18>          |C<21>          |   19.183|
A<18>          |C<22>          |   20.025|
A<18>          |C<23>          |   19.024|
A<18>          |C<24>          |   19.037|
A<18>          |C<25>          |   19.017|
A<18>          |C<26>          |   19.188|
A<18>          |C<27>          |   18.837|
A<18>          |C<28>          |   19.052|
A<18>          |C<29>          |   18.584|
A<18>          |C<30>          |   19.175|
A<18>          |C<31>          |   18.665|
A<19>          |C<0>           |   21.211|
A<19>          |C<1>           |   22.168|
A<19>          |C<2>           |   23.045|
A<19>          |C<3>           |   22.247|
A<19>          |C<4>           |   21.395|
A<19>          |C<5>           |   20.115|
A<19>          |C<6>           |   20.707|
A<19>          |C<7>           |   19.991|
A<19>          |C<8>           |   21.034|
A<19>          |C<9>           |   21.482|
A<19>          |C<10>          |   22.634|
A<19>          |C<11>          |   21.535|
A<19>          |C<12>          |   19.988|
A<19>          |C<13>          |   20.135|
A<19>          |C<14>          |   20.094|
A<19>          |C<15>          |   19.719|
A<19>          |C<16>          |   19.232|
A<19>          |C<17>          |   20.651|
A<19>          |C<18>          |   21.478|
A<19>          |C<19>          |   20.385|
A<19>          |C<20>          |   19.735|
A<19>          |C<21>          |   18.822|
A<19>          |C<22>          |   20.107|
A<19>          |C<23>          |   18.886|
A<19>          |C<24>          |   18.798|
A<19>          |C<25>          |   18.649|
A<19>          |C<26>          |   18.851|
A<19>          |C<27>          |   18.885|
A<19>          |C<28>          |   19.118|
A<19>          |C<29>          |   18.243|
A<19>          |C<30>          |   18.813|
A<19>          |C<31>          |   18.747|
A<20>          |C<0>           |   21.734|
A<20>          |C<1>           |   22.641|
A<20>          |C<2>           |   23.284|
A<20>          |C<3>           |   23.033|
A<20>          |C<4>           |   21.647|
A<20>          |C<5>           |   20.588|
A<20>          |C<6>           |   20.946|
A<20>          |C<7>           |   20.777|
A<20>          |C<8>           |   21.791|
A<20>          |C<9>           |   21.955|
A<20>          |C<10>          |   22.873|
A<20>          |C<11>          |   22.321|
A<20>          |C<12>          |   19.962|
A<20>          |C<13>          |   20.608|
A<20>          |C<14>          |   20.333|
A<20>          |C<15>          |   20.505|
A<20>          |C<16>          |   19.755|
A<20>          |C<17>          |   21.124|
A<20>          |C<18>          |   21.717|
A<20>          |C<19>          |   21.171|
A<20>          |C<20>          |   21.315|
A<20>          |C<21>          |   19.626|
A<20>          |C<22>          |   20.631|
A<20>          |C<23>          |   19.592|
A<20>          |C<24>          |   19.639|
A<20>          |C<25>          |   19.619|
A<20>          |C<26>          |   19.790|
A<20>          |C<27>          |   19.443|
A<20>          |C<28>          |   19.676|
A<20>          |C<29>          |   19.186|
A<20>          |C<30>          |   19.777|
A<20>          |C<31>          |   19.305|
A<21>          |C<0>           |   21.424|
A<21>          |C<1>           |   22.583|
A<21>          |C<2>           |   23.229|
A<21>          |C<3>           |   23.406|
A<21>          |C<4>           |   21.337|
A<21>          |C<5>           |   21.754|
A<21>          |C<6>           |   20.891|
A<21>          |C<7>           |   21.150|
A<21>          |C<8>           |   21.481|
A<21>          |C<9>           |   20.425|
A<21>          |C<10>          |   22.818|
A<21>          |C<11>          |   22.694|
A<21>          |C<12>          |   19.652|
A<21>          |C<13>          |   20.561|
A<21>          |C<14>          |   20.278|
A<21>          |C<15>          |   20.878|
A<21>          |C<16>          |   19.445|
A<21>          |C<17>          |   21.066|
A<21>          |C<18>          |   21.662|
A<21>          |C<19>          |   21.544|
A<21>          |C<20>          |   21.005|
A<21>          |C<21>          |   20.743|
A<21>          |C<22>          |   20.427|
A<21>          |C<23>          |   19.237|
A<21>          |C<24>          |   19.151|
A<21>          |C<25>          |   19.050|
A<21>          |C<26>          |   19.221|
A<21>          |C<27>          |   19.238|
A<21>          |C<28>          |   19.471|
A<21>          |C<29>          |   18.617|
A<21>          |C<30>          |   19.208|
A<21>          |C<31>          |   19.100|
A<22>          |C<0>           |   20.933|
A<22>          |C<1>           |   22.906|
A<22>          |C<2>           |   22.539|
A<22>          |C<3>           |   22.484|
A<22>          |C<4>           |   20.846|
A<22>          |C<5>           |   22.077|
A<22>          |C<6>           |   22.687|
A<22>          |C<7>           |   20.228|
A<22>          |C<8>           |   20.990|
A<22>          |C<9>           |   20.748|
A<22>          |C<10>          |   21.465|
A<22>          |C<11>          |   21.772|
A<22>          |C<12>          |   19.161|
A<22>          |C<13>          |   20.884|
A<22>          |C<14>          |   22.037|
A<22>          |C<15>          |   19.956|
A<22>          |C<16>          |   18.954|
A<22>          |C<17>          |   21.389|
A<22>          |C<18>          |   21.069|
A<22>          |C<19>          |   20.622|
A<22>          |C<20>          |   20.514|
A<22>          |C<21>          |   21.066|
A<22>          |C<22>          |   21.320|
A<22>          |C<23>          |   18.678|
A<22>          |C<24>          |   18.620|
A<22>          |C<25>          |   18.588|
A<22>          |C<26>          |   18.759|
A<22>          |C<27>          |   18.707|
A<22>          |C<28>          |   18.940|
A<22>          |C<29>          |   18.155|
A<22>          |C<30>          |   18.746|
A<22>          |C<31>          |   18.569|
A<23>          |C<0>           |   22.129|
A<23>          |C<1>           |   23.210|
A<23>          |C<2>           |   22.878|
A<23>          |C<3>           |   22.779|
A<23>          |C<4>           |   22.042|
A<23>          |C<5>           |   22.381|
A<23>          |C<6>           |   23.026|
A<23>          |C<7>           |   23.053|
A<23>          |C<8>           |   22.186|
A<23>          |C<9>           |   21.052|
A<23>          |C<10>          |   21.804|
A<23>          |C<11>          |   21.176|
A<23>          |C<12>          |   20.357|
A<23>          |C<13>          |   21.188|
A<23>          |C<14>          |   22.376|
A<23>          |C<15>          |   20.944|
A<23>          |C<16>          |   20.150|
A<23>          |C<17>          |   21.693|
A<23>          |C<18>          |   21.408|
A<23>          |C<19>          |   21.664|
A<23>          |C<20>          |   21.710|
A<23>          |C<21>          |   21.370|
A<23>          |C<22>          |   21.659|
A<23>          |C<23>          |   21.801|
A<23>          |C<24>          |   19.036|
A<23>          |C<25>          |   19.016|
A<23>          |C<26>          |   19.187|
A<23>          |C<27>          |   19.122|
A<23>          |C<28>          |   19.355|
A<23>          |C<29>          |   18.583|
A<23>          |C<30>          |   19.174|
A<23>          |C<31>          |   18.984|
A<24>          |C<0>           |   20.778|
A<24>          |C<1>           |   22.860|
A<24>          |C<2>           |   22.327|
A<24>          |C<3>           |   22.169|
A<24>          |C<4>           |   20.627|
A<24>          |C<5>           |   22.031|
A<24>          |C<6>           |   22.475|
A<24>          |C<7>           |   22.443|
A<24>          |C<8>           |   21.445|
A<24>          |C<9>           |   20.702|
A<24>          |C<10>          |   21.253|
A<24>          |C<11>          |   20.566|
A<24>          |C<12>          |   19.928|
A<24>          |C<13>          |   20.838|
A<24>          |C<14>          |   21.825|
A<24>          |C<15>          |   20.334|
A<24>          |C<16>          |   18.799|
A<24>          |C<17>          |   21.343|
A<24>          |C<18>          |   20.857|
A<24>          |C<19>          |   21.054|
A<24>          |C<20>          |   20.295|
A<24>          |C<21>          |   21.020|
A<24>          |C<22>          |   21.108|
A<24>          |C<23>          |   21.191|
A<24>          |C<24>          |   20.587|
A<24>          |C<25>          |   18.986|
A<24>          |C<26>          |   19.289|
A<24>          |C<27>          |   19.102|
A<24>          |C<28>          |   19.338|
A<24>          |C<29>          |   18.712|
A<24>          |C<30>          |   19.303|
A<24>          |C<31>          |   18.967|
A<25>          |C<0>           |   20.779|
A<25>          |C<1>           |   23.404|
A<25>          |C<2>           |   23.232|
A<25>          |C<3>           |   22.609|
A<25>          |C<4>           |   20.628|
A<25>          |C<5>           |   23.102|
A<25>          |C<6>           |   23.380|
A<25>          |C<7>           |   22.883|
A<25>          |C<8>           |   21.446|
A<25>          |C<9>           |   22.370|
A<25>          |C<10>          |   22.158|
A<25>          |C<11>          |   21.006|
A<25>          |C<12>          |   19.929|
A<25>          |C<13>          |   21.265|
A<25>          |C<14>          |   22.730|
A<25>          |C<15>          |   20.774|
A<25>          |C<16>          |   18.800|
A<25>          |C<17>          |   21.887|
A<25>          |C<18>          |   21.762|
A<25>          |C<19>          |   21.494|
A<25>          |C<20>          |   20.296|
A<25>          |C<21>          |   22.091|
A<25>          |C<22>          |   22.013|
A<25>          |C<23>          |   21.631|
A<25>          |C<24>          |   20.588|
A<25>          |C<25>          |   20.673|
A<25>          |C<26>          |   19.489|
A<25>          |C<27>          |   19.441|
A<25>          |C<28>          |   19.676|
A<25>          |C<29>          |   18.851|
A<25>          |C<30>          |   19.442|
A<25>          |C<31>          |   19.305|
A<26>          |C<0>           |   21.007|
A<26>          |C<1>           |   23.332|
A<26>          |C<2>           |   22.419|
A<26>          |C<3>           |   22.257|
A<26>          |C<4>           |   20.856|
A<26>          |C<5>           |   23.030|
A<26>          |C<6>           |   22.447|
A<26>          |C<7>           |   22.531|
A<26>          |C<8>           |   21.674|
A<26>          |C<9>           |   22.298|
A<26>          |C<10>          |   21.110|
A<26>          |C<11>          |   20.654|
A<26>          |C<12>          |   20.157|
A<26>          |C<13>          |   21.193|
A<26>          |C<14>          |   20.048|
A<26>          |C<15>          |   20.422|
A<26>          |C<16>          |   19.028|
A<26>          |C<17>          |   21.815|
A<26>          |C<18>          |   20.852|
A<26>          |C<19>          |   21.142|
A<26>          |C<20>          |   20.524|
A<26>          |C<21>          |   22.019|
A<26>          |C<22>          |   20.611|
A<26>          |C<23>          |   21.279|
A<26>          |C<24>          |   20.816|
A<26>          |C<25>          |   20.601|
A<26>          |C<26>          |   21.100|
A<26>          |C<27>          |   19.280|
A<26>          |C<28>          |   19.543|
A<26>          |C<29>          |   18.878|
A<26>          |C<30>          |   19.469|
A<26>          |C<31>          |   19.172|
A<27>          |C<0>           |   21.501|
A<27>          |C<1>           |   23.004|
A<27>          |C<2>           |   23.646|
A<27>          |C<3>           |   23.760|
A<27>          |C<4>           |   21.350|
A<27>          |C<5>           |   22.702|
A<27>          |C<6>           |   23.674|
A<27>          |C<7>           |   22.820|
A<27>          |C<8>           |   22.168|
A<27>          |C<9>           |   21.970|
A<27>          |C<10>          |   22.337|
A<27>          |C<11>          |   22.767|
A<27>          |C<12>          |   20.651|
A<27>          |C<13>          |   20.865|
A<27>          |C<14>          |   21.275|
A<27>          |C<15>          |   21.370|
A<27>          |C<16>          |   19.522|
A<27>          |C<17>          |   21.487|
A<27>          |C<18>          |   22.079|
A<27>          |C<19>          |   21.898|
A<27>          |C<20>          |   21.018|
A<27>          |C<21>          |   21.691|
A<27>          |C<22>          |   21.838|
A<27>          |C<23>          |   21.475|
A<27>          |C<24>          |   21.310|
A<27>          |C<25>          |   20.273|
A<27>          |C<26>          |   22.327|
A<27>          |C<27>          |   21.186|
A<27>          |C<28>          |   19.547|
A<27>          |C<29>          |   19.079|
A<27>          |C<30>          |   19.670|
A<27>          |C<31>          |   19.083|
A<28>          |C<0>           |   21.998|
A<28>          |C<1>           |   23.317|
A<28>          |C<2>           |   22.915|
A<28>          |C<3>           |   23.356|
A<28>          |C<4>           |   21.003|
A<28>          |C<5>           |   23.015|
A<28>          |C<6>           |   22.943|
A<28>          |C<7>           |   22.416|
A<28>          |C<8>           |   21.821|
A<28>          |C<9>           |   22.283|
A<28>          |C<10>          |   21.606|
A<28>          |C<11>          |   22.363|
A<28>          |C<12>          |   20.173|
A<28>          |C<13>          |   21.178|
A<28>          |C<14>          |   20.544|
A<28>          |C<15>          |   20.966|
A<28>          |C<16>          |   20.019|
A<28>          |C<17>          |   21.800|
A<28>          |C<18>          |   21.348|
A<28>          |C<19>          |   21.494|
A<28>          |C<20>          |   20.671|
A<28>          |C<21>          |   22.004|
A<28>          |C<22>          |   21.107|
A<28>          |C<23>          |   21.071|
A<28>          |C<24>          |   20.963|
A<28>          |C<25>          |   20.586|
A<28>          |C<26>          |   21.596|
A<28>          |C<27>          |   20.782|
A<28>          |C<28>          |   19.486|
A<28>          |C<29>          |   19.004|
A<28>          |C<30>          |   19.727|
A<28>          |C<31>          |   19.153|
A<29>          |C<0>           |   22.499|
A<29>          |C<1>           |   23.873|
A<29>          |C<2>           |   23.970|
A<29>          |C<3>           |   24.447|
A<29>          |C<4>           |   21.504|
A<29>          |C<5>           |   23.087|
A<29>          |C<6>           |   23.998|
A<29>          |C<7>           |   23.507|
A<29>          |C<8>           |   22.322|
A<29>          |C<9>           |   23.195|
A<29>          |C<10>          |   22.661|
A<29>          |C<11>          |   23.454|
A<29>          |C<12>          |   20.674|
A<29>          |C<13>          |   23.322|
A<29>          |C<14>          |   21.599|
A<29>          |C<15>          |   22.057|
A<29>          |C<16>          |   20.520|
A<29>          |C<17>          |   22.356|
A<29>          |C<18>          |   22.403|
A<29>          |C<19>          |   22.585|
A<29>          |C<20>          |   21.172|
A<29>          |C<21>          |   22.002|
A<29>          |C<22>          |   22.162|
A<29>          |C<23>          |   22.162|
A<29>          |C<24>          |   21.464|
A<29>          |C<25>          |   22.679|
A<29>          |C<26>          |   22.651|
A<29>          |C<27>          |   21.873|
A<29>          |C<28>          |   19.735|
A<29>          |C<29>          |   21.710|
A<29>          |C<30>          |   19.970|
A<29>          |C<31>          |   19.755|
A<30>          |C<0>           |   22.253|
A<30>          |C<1>           |   23.299|
A<30>          |C<2>           |   23.003|
A<30>          |C<3>           |   23.967|
A<30>          |C<4>           |   21.258|
A<30>          |C<5>           |   22.513|
A<30>          |C<6>           |   23.455|
A<30>          |C<7>           |   23.027|
A<30>          |C<8>           |   22.076|
A<30>          |C<9>           |   22.621|
A<30>          |C<10>          |   22.291|
A<30>          |C<11>          |   22.974|
A<30>          |C<12>          |   20.428|
A<30>          |C<13>          |   22.748|
A<30>          |C<14>          |   19.742|
A<30>          |C<15>          |   21.577|
A<30>          |C<16>          |   20.274|
A<30>          |C<17>          |   21.782|
A<30>          |C<18>          |   21.340|
A<30>          |C<19>          |   22.105|
A<30>          |C<20>          |   20.926|
A<30>          |C<21>          |   21.428|
A<30>          |C<22>          |   21.544|
A<30>          |C<23>          |   21.682|
A<30>          |C<24>          |   21.218|
A<30>          |C<25>          |   22.105|
A<30>          |C<26>          |   22.435|
A<30>          |C<27>          |   21.393|
A<30>          |C<28>          |   19.489|
A<30>          |C<29>          |   21.136|
A<30>          |C<30>          |   20.035|
A<30>          |C<31>          |   19.166|
A<31>          |C<0>           |   23.330|
A<31>          |C<1>           |   23.746|
A<31>          |C<2>           |   23.242|
A<31>          |C<3>           |   22.713|
A<31>          |C<4>           |   22.335|
A<31>          |C<5>           |   22.960|
A<31>          |C<6>           |   24.693|
A<31>          |C<7>           |   22.896|
A<31>          |C<8>           |   23.153|
A<31>          |C<9>           |   23.068|
A<31>          |C<10>          |   23.529|
A<31>          |C<11>          |   22.806|
A<31>          |C<12>          |   21.505|
A<31>          |C<13>          |   23.195|
A<31>          |C<14>          |   20.456|
A<31>          |C<15>          |   21.249|
A<31>          |C<16>          |   21.351|
A<31>          |C<17>          |   22.229|
A<31>          |C<18>          |   21.638|
A<31>          |C<19>          |   21.598|
A<31>          |C<20>          |   22.003|
A<31>          |C<21>          |   21.875|
A<31>          |C<22>          |   22.753|
A<31>          |C<23>          |   21.644|
A<31>          |C<24>          |   22.295|
A<31>          |C<25>          |   22.552|
A<31>          |C<26>          |   23.673|
A<31>          |C<27>          |   21.355|
A<31>          |C<28>          |   20.566|
A<31>          |C<29>          |   21.583|
A<31>          |C<30>          |   20.749|
A<31>          |C<31>          |   19.918|
ALUOp<0>       |C<0>           |   23.558|
ALUOp<0>       |C<1>           |   22.438|
ALUOp<0>       |C<2>           |   22.214|
ALUOp<0>       |C<3>           |   22.130|
ALUOp<0>       |C<4>           |   23.544|
ALUOp<0>       |C<5>           |   21.953|
ALUOp<0>       |C<6>           |   22.162|
ALUOp<0>       |C<7>           |   22.216|
ALUOp<0>       |C<8>           |   21.690|
ALUOp<0>       |C<9>           |   22.245|
ALUOp<0>       |C<10>          |   22.767|
ALUOp<0>       |C<11>          |   21.992|
ALUOp<0>       |C<12>          |   21.702|
ALUOp<0>       |C<13>          |   21.183|
ALUOp<0>       |C<14>          |   21.760|
ALUOp<0>       |C<15>          |   20.352|
ALUOp<0>       |C<16>          |   21.325|
ALUOp<0>       |C<17>          |   20.339|
ALUOp<0>       |C<18>          |   20.180|
ALUOp<0>       |C<19>          |   20.621|
ALUOp<0>       |C<20>          |   21.266|
ALUOp<0>       |C<21>          |   20.670|
ALUOp<0>       |C<22>          |   20.431|
ALUOp<0>       |C<23>          |   20.317|
ALUOp<0>       |C<24>          |   20.514|
ALUOp<0>       |C<25>          |   21.159|
ALUOp<0>       |C<26>          |   21.147|
ALUOp<0>       |C<27>          |   21.067|
ALUOp<0>       |C<28>          |   20.763|
ALUOp<0>       |C<29>          |   19.995|
ALUOp<0>       |C<30>          |   19.190|
ALUOp<0>       |C<31>          |   18.111|
ALUOp<1>       |C<0>           |   24.639|
ALUOp<1>       |C<1>           |   22.414|
ALUOp<1>       |C<2>           |   22.190|
ALUOp<1>       |C<3>           |   22.313|
ALUOp<1>       |C<4>           |   23.358|
ALUOp<1>       |C<5>           |   21.929|
ALUOp<1>       |C<6>           |   22.138|
ALUOp<1>       |C<7>           |   22.192|
ALUOp<1>       |C<8>           |   21.940|
ALUOp<1>       |C<9>           |   23.099|
ALUOp<1>       |C<10>          |   22.797|
ALUOp<1>       |C<11>          |   22.153|
ALUOp<1>       |C<12>          |   21.678|
ALUOp<1>       |C<13>          |   21.561|
ALUOp<1>       |C<14>          |   22.430|
ALUOp<1>       |C<15>          |   19.989|
ALUOp<1>       |C<16>          |   21.110|
ALUOp<1>       |C<17>          |   20.708|
ALUOp<1>       |C<18>          |   20.276|
ALUOp<1>       |C<19>          |   20.798|
ALUOp<1>       |C<20>          |   21.468|
ALUOp<1>       |C<21>          |   20.538|
ALUOp<1>       |C<22>          |   20.509|
ALUOp<1>       |C<23>          |   20.556|
ALUOp<1>       |C<24>          |   20.764|
ALUOp<1>       |C<25>          |   21.409|
ALUOp<1>       |C<26>          |   21.397|
ALUOp<1>       |C<27>          |   21.317|
ALUOp<1>       |C<28>          |   20.739|
ALUOp<1>       |C<29>          |   19.934|
ALUOp<1>       |C<30>          |   19.921|
ALUOp<1>       |C<31>          |   17.909|
ALUOp<2>       |C<0>           |   21.896|
ALUOp<2>       |C<1>           |   22.862|
ALUOp<2>       |C<2>           |   22.268|
ALUOp<2>       |C<3>           |   21.824|
ALUOp<2>       |C<4>           |   21.035|
ALUOp<2>       |C<5>           |   22.089|
ALUOp<2>       |C<6>           |   22.402|
ALUOp<2>       |C<7>           |   22.567|
ALUOp<2>       |C<8>           |   21.914|
ALUOp<2>       |C<9>           |   21.089|
ALUOp<2>       |C<10>          |   20.950|
ALUOp<2>       |C<11>          |   22.281|
ALUOp<2>       |C<12>          |   21.821|
ALUOp<2>       |C<13>          |   20.934|
ALUOp<2>       |C<14>          |   18.600|
ALUOp<2>       |C<15>          |   20.623|
ALUOp<2>       |C<16>          |   20.372|
ALUOp<2>       |C<17>          |   20.636|
ALUOp<2>       |C<18>          |   19.698|
ALUOp<2>       |C<19>          |   20.254|
ALUOp<2>       |C<20>          |   20.433|
ALUOp<2>       |C<21>          |   19.911|
ALUOp<2>       |C<22>          |   19.718|
ALUOp<2>       |C<23>          |   20.439|
ALUOp<2>       |C<24>          |   20.534|
ALUOp<2>       |C<25>          |   21.163|
ALUOp<2>       |C<26>          |   21.182|
ALUOp<2>       |C<27>          |   21.071|
ALUOp<2>       |C<28>          |   20.882|
ALUOp<2>       |C<29>          |   19.425|
ALUOp<2>       |C<30>          |   19.154|
ALUOp<2>       |C<31>          |   18.386|
B<0>           |C<0>           |   23.074|
B<0>           |C<1>           |   24.043|
B<0>           |C<2>           |   24.351|
B<0>           |C<3>           |   24.240|
B<0>           |C<4>           |   22.536|
B<0>           |C<5>           |   23.741|
B<0>           |C<6>           |   23.691|
B<0>           |C<7>           |   23.430|
B<0>           |C<8>           |   22.897|
B<0>           |C<9>           |   23.018|
B<0>           |C<10>          |   23.940|
B<0>           |C<11>          |   23.247|
B<0>           |C<12>          |   22.071|
B<0>           |C<13>          |   22.927|
B<0>           |C<14>          |   23.041|
B<0>           |C<15>          |   21.850|
B<0>           |C<16>          |   21.095|
B<0>           |C<17>          |   22.526|
B<0>           |C<18>          |   22.784|
B<0>           |C<19>          |   22.378|
B<0>           |C<20>          |   21.780|
B<0>           |C<21>          |   22.730|
B<0>           |C<22>          |   22.324|
B<0>           |C<23>          |   22.178|
B<0>           |C<24>          |   22.039|
B<0>           |C<25>          |   22.284|
B<0>           |C<26>          |   22.654|
B<0>           |C<27>          |   21.666|
B<0>           |C<28>          |   20.310|
B<0>           |C<29>          |   21.315|
B<0>           |C<30>          |   20.727|
B<0>           |C<31>          |   19.727|
B<1>           |C<0>           |   23.882|
B<1>           |C<1>           |   24.454|
B<1>           |C<2>           |   24.472|
B<1>           |C<3>           |   24.421|
B<1>           |C<4>           |   22.887|
B<1>           |C<5>           |   24.152|
B<1>           |C<6>           |   24.533|
B<1>           |C<7>           |   23.692|
B<1>           |C<8>           |   23.705|
B<1>           |C<9>           |   23.562|
B<1>           |C<10>          |   24.061|
B<1>           |C<11>          |   23.476|
B<1>           |C<12>          |   22.238|
B<1>           |C<13>          |   23.629|
B<1>           |C<14>          |   23.643|
B<1>           |C<15>          |   22.550|
B<1>           |C<16>          |   21.903|
B<1>           |C<17>          |   22.937|
B<1>           |C<18>          |   22.905|
B<1>           |C<19>          |   22.559|
B<1>           |C<20>          |   22.555|
B<1>           |C<21>          |   23.141|
B<1>           |C<22>          |   22.926|
B<1>           |C<23>          |   22.440|
B<1>           |C<24>          |   22.847|
B<1>           |C<25>          |   22.986|
B<1>           |C<26>          |   22.682|
B<1>           |C<27>          |   21.847|
B<1>           |C<28>          |   21.118|
B<1>           |C<29>          |   22.017|
B<1>           |C<30>          |   21.978|
B<1>           |C<31>          |   20.501|
B<2>           |C<0>           |   21.615|
B<2>           |C<1>           |   22.836|
B<2>           |C<2>           |   23.141|
B<2>           |C<3>           |   22.115|
B<2>           |C<4>           |   22.358|
B<2>           |C<5>           |   22.793|
B<2>           |C<6>           |   22.755|
B<2>           |C<7>           |   22.779|
B<2>           |C<8>           |   21.715|
B<2>           |C<9>           |   22.323|
B<2>           |C<10>          |   22.114|
B<2>           |C<11>          |   22.361|
B<2>           |C<12>          |   22.009|
B<2>           |C<13>          |   22.671|
B<2>           |C<14>          |   21.009|
B<2>           |C<15>          |   20.907|
B<2>           |C<16>          |   20.423|
B<2>           |C<17>          |   21.319|
B<2>           |C<18>          |   21.599|
B<2>           |C<19>          |   21.042|
B<2>           |C<20>          |   21.756|
B<2>           |C<21>          |   21.782|
B<2>           |C<22>          |   21.025|
B<2>           |C<23>          |   21.527|
B<2>           |C<24>          |   20.857|
B<2>           |C<25>          |   20.682|
B<2>           |C<26>          |   22.081|
B<2>           |C<27>          |   21.238|
B<2>           |C<28>          |   20.036|
B<2>           |C<29>          |   20.542|
B<2>           |C<30>          |   20.129|
B<2>           |C<31>          |   19.665|
B<3>           |C<0>           |   22.496|
B<3>           |C<1>           |   23.776|
B<3>           |C<2>           |   24.537|
B<3>           |C<3>           |   23.424|
B<3>           |C<4>           |   23.339|
B<3>           |C<5>           |   23.490|
B<3>           |C<6>           |   24.359|
B<3>           |C<7>           |   23.927|
B<3>           |C<8>           |   21.948|
B<3>           |C<9>           |   22.814|
B<3>           |C<10>          |   23.119|
B<3>           |C<11>          |   23.509|
B<3>           |C<12>          |   22.534|
B<3>           |C<13>          |   23.368|
B<3>           |C<14>          |   21.769|
B<3>           |C<15>          |   22.184|
B<3>           |C<16>          |   20.948|
B<3>           |C<17>          |   22.259|
B<3>           |C<18>          |   22.874|
B<3>           |C<19>          |   22.263|
B<3>           |C<20>          |   22.737|
B<3>           |C<21>          |   22.479|
B<3>           |C<22>          |   22.992|
B<3>           |C<23>          |   22.675|
B<3>           |C<24>          |   20.559|
B<3>           |C<25>          |   21.384|
B<3>           |C<26>          |   22.761|
B<3>           |C<27>          |   22.386|
B<3>           |C<28>          |   20.561|
B<3>           |C<29>          |   21.239|
B<3>           |C<30>          |   21.911|
B<3>           |C<31>          |   20.190|
B<4>           |C<0>           |   21.833|
B<4>           |C<1>           |   22.923|
B<4>           |C<2>           |   22.392|
B<4>           |C<3>           |   22.267|
B<4>           |C<4>           |   22.277|
B<4>           |C<5>           |   22.150|
B<4>           |C<6>           |   22.463|
B<4>           |C<7>           |   22.628|
B<4>           |C<8>           |   21.150|
B<4>           |C<9>           |   21.947|
B<4>           |C<10>          |   22.225|
B<4>           |C<11>          |   22.285|
B<4>           |C<12>          |   22.120|
B<4>           |C<13>          |   21.279|
B<4>           |C<14>          |   21.435|
B<4>           |C<15>          |   22.067|
B<4>           |C<16>          |   20.690|
B<4>           |C<17>          |   21.558|
B<4>           |C<18>          |   20.746|
B<4>           |C<19>          |   21.262|
B<4>           |C<20>          |   20.808|
B<4>           |C<21>          |   20.156|
B<4>           |C<22>          |   21.456|
B<4>           |C<23>          |   21.513|
B<4>           |C<24>          |   20.677|
B<4>           |C<25>          |   21.213|
B<4>           |C<26>          |   22.533|
B<4>           |C<27>          |   21.337|
B<4>           |C<28>          |   20.147|
B<4>           |C<29>          |   20.052|
B<4>           |C<30>          |   20.915|
B<4>           |C<31>          |   19.776|
B<5>           |C<0>           |   19.661|
B<5>           |C<1>           |   21.586|
B<5>           |C<2>           |   21.281|
B<5>           |C<3>           |   20.746|
B<5>           |C<4>           |   21.358|
B<5>           |C<5>           |   20.382|
B<5>           |C<6>           |   21.409|
B<5>           |C<7>           |   21.274|
B<5>           |C<8>           |   19.679|
B<5>           |C<9>           |   20.331|
B<5>           |C<10>          |   20.609|
B<5>           |C<11>          |   20.967|
B<5>           |C<12>          |   21.933|
B<5>           |C<13>          |   19.886|
B<5>           |C<14>          |   19.757|
B<5>           |C<15>          |   19.140|
B<5>           |C<16>          |   19.012|
B<5>           |C<17>          |   20.245|
B<5>           |C<18>          |   19.008|
B<5>           |C<19>          |   19.469|
B<5>           |C<20>          |   19.444|
B<5>           |C<21>          |   18.883|
B<5>           |C<22>          |   20.385|
B<5>           |C<23>          |   20.442|
B<5>           |C<24>          |   18.804|
B<5>           |C<25>          |   19.175|
B<5>           |C<26>          |   20.475|
B<5>           |C<27>          |   19.279|
B<5>           |C<28>          |   20.994|
B<5>           |C<29>          |   18.311|
B<5>           |C<30>          |   18.808|
B<5>           |C<31>          |   18.160|
B<6>           |C<0>           |   20.129|
B<6>           |C<1>           |   22.054|
B<6>           |C<2>           |   21.749|
B<6>           |C<3>           |   21.214|
B<6>           |C<4>           |   21.826|
B<6>           |C<5>           |   20.850|
B<6>           |C<6>           |   21.877|
B<6>           |C<7>           |   21.742|
B<6>           |C<8>           |   20.147|
B<6>           |C<9>           |   20.413|
B<6>           |C<10>          |   20.582|
B<6>           |C<11>          |   21.435|
B<6>           |C<12>          |   22.401|
B<6>           |C<13>          |   20.354|
B<6>           |C<14>          |   20.337|
B<6>           |C<15>          |   19.608|
B<6>           |C<16>          |   19.592|
B<6>           |C<17>          |   20.713|
B<6>           |C<18>          |   19.266|
B<6>           |C<19>          |   19.937|
B<6>           |C<20>          |   19.912|
B<6>           |C<21>          |   19.351|
B<6>           |C<22>          |   20.853|
B<6>           |C<23>          |   20.910|
B<6>           |C<24>          |   19.272|
B<6>           |C<25>          |   19.643|
B<6>           |C<26>          |   20.943|
B<6>           |C<27>          |   19.747|
B<6>           |C<28>          |   21.462|
B<6>           |C<29>          |   18.779|
B<6>           |C<30>          |   19.276|
B<6>           |C<31>          |   18.463|
B<7>           |C<0>           |   21.136|
B<7>           |C<1>           |   23.061|
B<7>           |C<2>           |   22.756|
B<7>           |C<3>           |   22.221|
B<7>           |C<4>           |   22.833|
B<7>           |C<5>           |   21.857|
B<7>           |C<6>           |   22.884|
B<7>           |C<7>           |   22.749|
B<7>           |C<8>           |   21.154|
B<7>           |C<9>           |   20.940|
B<7>           |C<10>          |   21.442|
B<7>           |C<11>          |   22.442|
B<7>           |C<12>          |   23.408|
B<7>           |C<13>          |   21.361|
B<7>           |C<14>          |   19.758|
B<7>           |C<15>          |   20.615|
B<7>           |C<16>          |   20.005|
B<7>           |C<17>          |   21.720|
B<7>           |C<18>          |   20.273|
B<7>           |C<19>          |   20.944|
B<7>           |C<20>          |   20.919|
B<7>           |C<21>          |   20.358|
B<7>           |C<22>          |   21.860|
B<7>           |C<23>          |   21.917|
B<7>           |C<24>          |   20.279|
B<7>           |C<25>          |   20.650|
B<7>           |C<26>          |   21.950|
B<7>           |C<27>          |   20.754|
B<7>           |C<28>          |   22.469|
B<7>           |C<29>          |   19.786|
B<7>           |C<30>          |   20.283|
B<7>           |C<31>          |   18.650|
B<8>           |C<0>           |   19.764|
B<8>           |C<1>           |   21.689|
B<8>           |C<2>           |   21.384|
B<8>           |C<3>           |   20.849|
B<8>           |C<4>           |   21.461|
B<8>           |C<5>           |   20.485|
B<8>           |C<6>           |   21.512|
B<8>           |C<7>           |   21.377|
B<8>           |C<8>           |   19.782|
B<8>           |C<9>           |   20.558|
B<8>           |C<10>          |   20.941|
B<8>           |C<11>          |   21.070|
B<8>           |C<12>          |   22.036|
B<8>           |C<13>          |   19.989|
B<8>           |C<14>          |   20.072|
B<8>           |C<15>          |   19.307|
B<8>           |C<16>          |   19.327|
B<8>           |C<17>          |   20.348|
B<8>           |C<18>          |   19.374|
B<8>           |C<19>          |   19.572|
B<8>           |C<20>          |   19.547|
B<8>           |C<21>          |   18.986|
B<8>           |C<22>          |   20.488|
B<8>           |C<23>          |   20.545|
B<8>           |C<24>          |   18.907|
B<8>           |C<25>          |   19.278|
B<8>           |C<26>          |   20.578|
B<8>           |C<27>          |   19.382|
B<8>           |C<28>          |   21.097|
B<8>           |C<29>          |   18.414|
B<8>           |C<30>          |   18.911|
B<8>           |C<31>          |   18.526|
B<9>           |C<0>           |   22.667|
B<9>           |C<1>           |   24.592|
B<9>           |C<2>           |   24.287|
B<9>           |C<3>           |   23.752|
B<9>           |C<4>           |   24.364|
B<9>           |C<5>           |   23.388|
B<9>           |C<6>           |   24.415|
B<9>           |C<7>           |   24.280|
B<9>           |C<8>           |   22.685|
B<9>           |C<9>           |   22.471|
B<9>           |C<10>          |   22.973|
B<9>           |C<11>          |   23.973|
B<9>           |C<12>          |   24.939|
B<9>           |C<13>          |   22.892|
B<9>           |C<14>          |   21.289|
B<9>           |C<15>          |   22.146|
B<9>           |C<16>          |   21.536|
B<9>           |C<17>          |   23.251|
B<9>           |C<18>          |   21.804|
B<9>           |C<19>          |   22.475|
B<9>           |C<20>          |   22.450|
B<9>           |C<21>          |   21.889|
B<9>           |C<22>          |   23.391|
B<9>           |C<23>          |   23.448|
B<9>           |C<24>          |   21.810|
B<9>           |C<25>          |   22.181|
B<9>           |C<26>          |   23.481|
B<9>           |C<27>          |   22.285|
B<9>           |C<28>          |   24.000|
B<9>           |C<29>          |   21.317|
B<9>           |C<30>          |   21.814|
B<9>           |C<31>          |   20.181|
B<10>          |C<0>           |   22.467|
B<10>          |C<1>           |   24.392|
B<10>          |C<2>           |   24.087|
B<10>          |C<3>           |   23.552|
B<10>          |C<4>           |   24.164|
B<10>          |C<5>           |   23.188|
B<10>          |C<6>           |   24.215|
B<10>          |C<7>           |   24.080|
B<10>          |C<8>           |   22.485|
B<10>          |C<9>           |   22.271|
B<10>          |C<10>          |   22.773|
B<10>          |C<11>          |   23.773|
B<10>          |C<12>          |   24.739|
B<10>          |C<13>          |   22.692|
B<10>          |C<14>          |   21.089|
B<10>          |C<15>          |   21.946|
B<10>          |C<16>          |   21.336|
B<10>          |C<17>          |   23.051|
B<10>          |C<18>          |   21.604|
B<10>          |C<19>          |   22.275|
B<10>          |C<20>          |   22.250|
B<10>          |C<21>          |   21.689|
B<10>          |C<22>          |   23.191|
B<10>          |C<23>          |   23.248|
B<10>          |C<24>          |   21.610|
B<10>          |C<25>          |   21.981|
B<10>          |C<26>          |   23.281|
B<10>          |C<27>          |   22.085|
B<10>          |C<28>          |   23.800|
B<10>          |C<29>          |   21.117|
B<10>          |C<30>          |   21.614|
B<10>          |C<31>          |   19.981|
B<11>          |C<0>           |   22.491|
B<11>          |C<1>           |   24.416|
B<11>          |C<2>           |   24.111|
B<11>          |C<3>           |   23.576|
B<11>          |C<4>           |   24.188|
B<11>          |C<5>           |   23.212|
B<11>          |C<6>           |   24.239|
B<11>          |C<7>           |   24.104|
B<11>          |C<8>           |   22.509|
B<11>          |C<9>           |   22.295|
B<11>          |C<10>          |   22.797|
B<11>          |C<11>          |   23.797|
B<11>          |C<12>          |   24.763|
B<11>          |C<13>          |   22.716|
B<11>          |C<14>          |   21.113|
B<11>          |C<15>          |   21.970|
B<11>          |C<16>          |   21.360|
B<11>          |C<17>          |   23.075|
B<11>          |C<18>          |   21.628|
B<11>          |C<19>          |   22.299|
B<11>          |C<20>          |   22.274|
B<11>          |C<21>          |   21.713|
B<11>          |C<22>          |   23.215|
B<11>          |C<23>          |   23.272|
B<11>          |C<24>          |   21.634|
B<11>          |C<25>          |   22.005|
B<11>          |C<26>          |   23.305|
B<11>          |C<27>          |   22.109|
B<11>          |C<28>          |   23.824|
B<11>          |C<29>          |   21.141|
B<11>          |C<30>          |   21.638|
B<11>          |C<31>          |   20.005|
B<12>          |C<0>           |   23.332|
B<12>          |C<1>           |   25.257|
B<12>          |C<2>           |   24.952|
B<12>          |C<3>           |   24.417|
B<12>          |C<4>           |   25.029|
B<12>          |C<5>           |   24.053|
B<12>          |C<6>           |   25.080|
B<12>          |C<7>           |   24.945|
B<12>          |C<8>           |   23.350|
B<12>          |C<9>           |   23.136|
B<12>          |C<10>          |   23.638|
B<12>          |C<11>          |   24.638|
B<12>          |C<12>          |   25.604|
B<12>          |C<13>          |   23.557|
B<12>          |C<14>          |   21.954|
B<12>          |C<15>          |   22.811|
B<12>          |C<16>          |   22.201|
B<12>          |C<17>          |   23.916|
B<12>          |C<18>          |   22.469|
B<12>          |C<19>          |   23.140|
B<12>          |C<20>          |   23.115|
B<12>          |C<21>          |   22.554|
B<12>          |C<22>          |   24.056|
B<12>          |C<23>          |   24.113|
B<12>          |C<24>          |   22.475|
B<12>          |C<25>          |   22.846|
B<12>          |C<26>          |   24.146|
B<12>          |C<27>          |   22.950|
B<12>          |C<28>          |   24.665|
B<12>          |C<29>          |   21.982|
B<12>          |C<30>          |   22.479|
B<12>          |C<31>          |   20.846|
B<13>          |C<0>           |   21.717|
B<13>          |C<1>           |   23.642|
B<13>          |C<2>           |   23.337|
B<13>          |C<3>           |   22.802|
B<13>          |C<4>           |   23.414|
B<13>          |C<5>           |   22.438|
B<13>          |C<6>           |   23.465|
B<13>          |C<7>           |   23.330|
B<13>          |C<8>           |   21.735|
B<13>          |C<9>           |   21.521|
B<13>          |C<10>          |   22.023|
B<13>          |C<11>          |   23.023|
B<13>          |C<12>          |   23.989|
B<13>          |C<13>          |   21.942|
B<13>          |C<14>          |   20.483|
B<13>          |C<15>          |   21.196|
B<13>          |C<16>          |   20.586|
B<13>          |C<17>          |   22.301|
B<13>          |C<18>          |   20.854|
B<13>          |C<19>          |   21.525|
B<13>          |C<20>          |   21.500|
B<13>          |C<21>          |   20.939|
B<13>          |C<22>          |   22.441|
B<13>          |C<23>          |   22.498|
B<13>          |C<24>          |   20.860|
B<13>          |C<25>          |   21.231|
B<13>          |C<26>          |   22.531|
B<13>          |C<27>          |   21.335|
B<13>          |C<28>          |   23.050|
B<13>          |C<29>          |   20.367|
B<13>          |C<30>          |   20.864|
B<13>          |C<31>          |   19.231|
B<14>          |C<0>           |   21.998|
B<14>          |C<1>           |   23.923|
B<14>          |C<2>           |   23.618|
B<14>          |C<3>           |   23.083|
B<14>          |C<4>           |   23.695|
B<14>          |C<5>           |   22.719|
B<14>          |C<6>           |   23.746|
B<14>          |C<7>           |   23.611|
B<14>          |C<8>           |   22.016|
B<14>          |C<9>           |   21.802|
B<14>          |C<10>          |   22.304|
B<14>          |C<11>          |   23.304|
B<14>          |C<12>          |   24.270|
B<14>          |C<13>          |   22.223|
B<14>          |C<14>          |   20.620|
B<14>          |C<15>          |   21.477|
B<14>          |C<16>          |   20.867|
B<14>          |C<17>          |   22.582|
B<14>          |C<18>          |   21.135|
B<14>          |C<19>          |   21.806|
B<14>          |C<20>          |   21.781|
B<14>          |C<21>          |   21.220|
B<14>          |C<22>          |   22.722|
B<14>          |C<23>          |   22.779|
B<14>          |C<24>          |   21.141|
B<14>          |C<25>          |   21.512|
B<14>          |C<26>          |   22.812|
B<14>          |C<27>          |   21.616|
B<14>          |C<28>          |   23.331|
B<14>          |C<29>          |   20.648|
B<14>          |C<30>          |   21.145|
B<14>          |C<31>          |   19.512|
B<15>          |C<0>           |   23.379|
B<15>          |C<1>           |   25.304|
B<15>          |C<2>           |   24.999|
B<15>          |C<3>           |   24.464|
B<15>          |C<4>           |   25.076|
B<15>          |C<5>           |   24.100|
B<15>          |C<6>           |   25.127|
B<15>          |C<7>           |   24.992|
B<15>          |C<8>           |   23.397|
B<15>          |C<9>           |   23.183|
B<15>          |C<10>          |   23.685|
B<15>          |C<11>          |   24.685|
B<15>          |C<12>          |   25.651|
B<15>          |C<13>          |   23.604|
B<15>          |C<14>          |   22.001|
B<15>          |C<15>          |   22.858|
B<15>          |C<16>          |   22.248|
B<15>          |C<17>          |   23.963|
B<15>          |C<18>          |   22.516|
B<15>          |C<19>          |   23.187|
B<15>          |C<20>          |   23.162|
B<15>          |C<21>          |   22.601|
B<15>          |C<22>          |   24.103|
B<15>          |C<23>          |   24.160|
B<15>          |C<24>          |   22.522|
B<15>          |C<25>          |   22.893|
B<15>          |C<26>          |   24.193|
B<15>          |C<27>          |   22.997|
B<15>          |C<28>          |   24.712|
B<15>          |C<29>          |   22.029|
B<15>          |C<30>          |   22.526|
B<15>          |C<31>          |   20.893|
B<16>          |C<0>           |   22.923|
B<16>          |C<1>           |   24.848|
B<16>          |C<2>           |   24.543|
B<16>          |C<3>           |   24.008|
B<16>          |C<4>           |   24.620|
B<16>          |C<5>           |   23.644|
B<16>          |C<6>           |   24.671|
B<16>          |C<7>           |   24.536|
B<16>          |C<8>           |   22.941|
B<16>          |C<9>           |   22.727|
B<16>          |C<10>          |   23.229|
B<16>          |C<11>          |   24.229|
B<16>          |C<12>          |   25.195|
B<16>          |C<13>          |   23.148|
B<16>          |C<14>          |   21.545|
B<16>          |C<15>          |   22.402|
B<16>          |C<16>          |   21.792|
B<16>          |C<17>          |   23.507|
B<16>          |C<18>          |   22.060|
B<16>          |C<19>          |   22.731|
B<16>          |C<20>          |   22.706|
B<16>          |C<21>          |   22.145|
B<16>          |C<22>          |   23.647|
B<16>          |C<23>          |   23.704|
B<16>          |C<24>          |   22.066|
B<16>          |C<25>          |   22.437|
B<16>          |C<26>          |   23.737|
B<16>          |C<27>          |   22.541|
B<16>          |C<28>          |   24.256|
B<16>          |C<29>          |   21.573|
B<16>          |C<30>          |   22.070|
B<16>          |C<31>          |   20.437|
B<17>          |C<0>           |   23.001|
B<17>          |C<1>           |   24.926|
B<17>          |C<2>           |   24.621|
B<17>          |C<3>           |   24.086|
B<17>          |C<4>           |   24.698|
B<17>          |C<5>           |   23.722|
B<17>          |C<6>           |   24.749|
B<17>          |C<7>           |   24.614|
B<17>          |C<8>           |   23.019|
B<17>          |C<9>           |   22.805|
B<17>          |C<10>          |   23.307|
B<17>          |C<11>          |   24.307|
B<17>          |C<12>          |   25.273|
B<17>          |C<13>          |   23.226|
B<17>          |C<14>          |   21.623|
B<17>          |C<15>          |   22.480|
B<17>          |C<16>          |   21.870|
B<17>          |C<17>          |   23.585|
B<17>          |C<18>          |   22.138|
B<17>          |C<19>          |   22.809|
B<17>          |C<20>          |   22.784|
B<17>          |C<21>          |   22.223|
B<17>          |C<22>          |   23.725|
B<17>          |C<23>          |   23.782|
B<17>          |C<24>          |   22.144|
B<17>          |C<25>          |   22.515|
B<17>          |C<26>          |   23.815|
B<17>          |C<27>          |   22.619|
B<17>          |C<28>          |   24.334|
B<17>          |C<29>          |   21.651|
B<17>          |C<30>          |   22.148|
B<17>          |C<31>          |   20.515|
B<18>          |C<0>           |   21.625|
B<18>          |C<1>           |   23.550|
B<18>          |C<2>           |   23.245|
B<18>          |C<3>           |   22.710|
B<18>          |C<4>           |   23.322|
B<18>          |C<5>           |   22.346|
B<18>          |C<6>           |   23.373|
B<18>          |C<7>           |   23.238|
B<18>          |C<8>           |   21.643|
B<18>          |C<9>           |   21.429|
B<18>          |C<10>          |   21.931|
B<18>          |C<11>          |   22.931|
B<18>          |C<12>          |   23.897|
B<18>          |C<13>          |   21.850|
B<18>          |C<14>          |   20.247|
B<18>          |C<15>          |   21.104|
B<18>          |C<16>          |   20.494|
B<18>          |C<17>          |   22.209|
B<18>          |C<18>          |   20.762|
B<18>          |C<19>          |   21.433|
B<18>          |C<20>          |   21.408|
B<18>          |C<21>          |   20.847|
B<18>          |C<22>          |   22.349|
B<18>          |C<23>          |   22.406|
B<18>          |C<24>          |   20.768|
B<18>          |C<25>          |   21.139|
B<18>          |C<26>          |   22.439|
B<18>          |C<27>          |   21.243|
B<18>          |C<28>          |   22.958|
B<18>          |C<29>          |   20.275|
B<18>          |C<30>          |   20.772|
B<18>          |C<31>          |   19.139|
B<19>          |C<0>           |   23.224|
B<19>          |C<1>           |   25.149|
B<19>          |C<2>           |   24.844|
B<19>          |C<3>           |   24.309|
B<19>          |C<4>           |   24.921|
B<19>          |C<5>           |   23.945|
B<19>          |C<6>           |   24.972|
B<19>          |C<7>           |   24.837|
B<19>          |C<8>           |   23.242|
B<19>          |C<9>           |   23.028|
B<19>          |C<10>          |   23.530|
B<19>          |C<11>          |   24.530|
B<19>          |C<12>          |   25.496|
B<19>          |C<13>          |   23.449|
B<19>          |C<14>          |   21.846|
B<19>          |C<15>          |   22.703|
B<19>          |C<16>          |   22.093|
B<19>          |C<17>          |   23.808|
B<19>          |C<18>          |   22.361|
B<19>          |C<19>          |   23.032|
B<19>          |C<20>          |   23.007|
B<19>          |C<21>          |   22.446|
B<19>          |C<22>          |   23.948|
B<19>          |C<23>          |   24.005|
B<19>          |C<24>          |   22.367|
B<19>          |C<25>          |   22.738|
B<19>          |C<26>          |   24.038|
B<19>          |C<27>          |   22.842|
B<19>          |C<28>          |   24.557|
B<19>          |C<29>          |   21.874|
B<19>          |C<30>          |   22.371|
B<19>          |C<31>          |   20.738|
B<20>          |C<0>           |   23.619|
B<20>          |C<1>           |   25.544|
B<20>          |C<2>           |   25.239|
B<20>          |C<3>           |   24.704|
B<20>          |C<4>           |   25.316|
B<20>          |C<5>           |   24.340|
B<20>          |C<6>           |   25.367|
B<20>          |C<7>           |   25.232|
B<20>          |C<8>           |   23.637|
B<20>          |C<9>           |   23.423|
B<20>          |C<10>          |   23.925|
B<20>          |C<11>          |   24.925|
B<20>          |C<12>          |   25.891|
B<20>          |C<13>          |   23.844|
B<20>          |C<14>          |   22.241|
B<20>          |C<15>          |   23.098|
B<20>          |C<16>          |   22.488|
B<20>          |C<17>          |   24.203|
B<20>          |C<18>          |   22.756|
B<20>          |C<19>          |   23.427|
B<20>          |C<20>          |   23.402|
B<20>          |C<21>          |   22.841|
B<20>          |C<22>          |   24.343|
B<20>          |C<23>          |   24.400|
B<20>          |C<24>          |   22.762|
B<20>          |C<25>          |   23.133|
B<20>          |C<26>          |   24.433|
B<20>          |C<27>          |   23.237|
B<20>          |C<28>          |   24.952|
B<20>          |C<29>          |   22.269|
B<20>          |C<30>          |   22.766|
B<20>          |C<31>          |   21.133|
B<21>          |C<0>           |   22.173|
B<21>          |C<1>           |   24.098|
B<21>          |C<2>           |   23.793|
B<21>          |C<3>           |   23.258|
B<21>          |C<4>           |   23.870|
B<21>          |C<5>           |   22.894|
B<21>          |C<6>           |   23.921|
B<21>          |C<7>           |   23.786|
B<21>          |C<8>           |   22.191|
B<21>          |C<9>           |   21.977|
B<21>          |C<10>          |   22.479|
B<21>          |C<11>          |   23.479|
B<21>          |C<12>          |   24.445|
B<21>          |C<13>          |   22.398|
B<21>          |C<14>          |   20.795|
B<21>          |C<15>          |   21.652|
B<21>          |C<16>          |   21.042|
B<21>          |C<17>          |   22.757|
B<21>          |C<18>          |   21.310|
B<21>          |C<19>          |   21.981|
B<21>          |C<20>          |   21.956|
B<21>          |C<21>          |   21.395|
B<21>          |C<22>          |   22.897|
B<21>          |C<23>          |   22.954|
B<21>          |C<24>          |   21.316|
B<21>          |C<25>          |   21.687|
B<21>          |C<26>          |   22.987|
B<21>          |C<27>          |   21.791|
B<21>          |C<28>          |   23.506|
B<21>          |C<29>          |   20.823|
B<21>          |C<30>          |   21.320|
B<21>          |C<31>          |   19.884|
B<22>          |C<0>           |   22.519|
B<22>          |C<1>           |   24.444|
B<22>          |C<2>           |   24.139|
B<22>          |C<3>           |   23.604|
B<22>          |C<4>           |   24.216|
B<22>          |C<5>           |   23.240|
B<22>          |C<6>           |   24.267|
B<22>          |C<7>           |   24.132|
B<22>          |C<8>           |   22.537|
B<22>          |C<9>           |   22.323|
B<22>          |C<10>          |   22.825|
B<22>          |C<11>          |   23.825|
B<22>          |C<12>          |   24.791|
B<22>          |C<13>          |   22.744|
B<22>          |C<14>          |   21.141|
B<22>          |C<15>          |   21.998|
B<22>          |C<16>          |   21.388|
B<22>          |C<17>          |   23.103|
B<22>          |C<18>          |   21.656|
B<22>          |C<19>          |   22.327|
B<22>          |C<20>          |   22.302|
B<22>          |C<21>          |   21.741|
B<22>          |C<22>          |   23.243|
B<22>          |C<23>          |   23.300|
B<22>          |C<24>          |   21.662|
B<22>          |C<25>          |   22.033|
B<22>          |C<26>          |   23.333|
B<22>          |C<27>          |   22.137|
B<22>          |C<28>          |   23.852|
B<22>          |C<29>          |   21.169|
B<22>          |C<30>          |   21.666|
B<22>          |C<31>          |   20.033|
B<23>          |C<0>           |   23.451|
B<23>          |C<1>           |   25.376|
B<23>          |C<2>           |   25.071|
B<23>          |C<3>           |   24.536|
B<23>          |C<4>           |   25.148|
B<23>          |C<5>           |   24.172|
B<23>          |C<6>           |   25.199|
B<23>          |C<7>           |   25.064|
B<23>          |C<8>           |   23.469|
B<23>          |C<9>           |   23.255|
B<23>          |C<10>          |   23.757|
B<23>          |C<11>          |   24.757|
B<23>          |C<12>          |   25.723|
B<23>          |C<13>          |   23.676|
B<23>          |C<14>          |   22.073|
B<23>          |C<15>          |   22.930|
B<23>          |C<16>          |   22.320|
B<23>          |C<17>          |   24.035|
B<23>          |C<18>          |   22.588|
B<23>          |C<19>          |   23.259|
B<23>          |C<20>          |   23.234|
B<23>          |C<21>          |   22.673|
B<23>          |C<22>          |   24.175|
B<23>          |C<23>          |   24.232|
B<23>          |C<24>          |   22.594|
B<23>          |C<25>          |   22.965|
B<23>          |C<26>          |   24.265|
B<23>          |C<27>          |   23.069|
B<23>          |C<28>          |   24.784|
B<23>          |C<29>          |   22.101|
B<23>          |C<30>          |   22.598|
B<23>          |C<31>          |   20.965|
B<24>          |C<0>           |   23.505|
B<24>          |C<1>           |   25.430|
B<24>          |C<2>           |   25.125|
B<24>          |C<3>           |   24.590|
B<24>          |C<4>           |   25.202|
B<24>          |C<5>           |   24.226|
B<24>          |C<6>           |   25.253|
B<24>          |C<7>           |   25.118|
B<24>          |C<8>           |   23.523|
B<24>          |C<9>           |   23.309|
B<24>          |C<10>          |   23.811|
B<24>          |C<11>          |   24.811|
B<24>          |C<12>          |   25.777|
B<24>          |C<13>          |   23.730|
B<24>          |C<14>          |   22.127|
B<24>          |C<15>          |   22.984|
B<24>          |C<16>          |   22.374|
B<24>          |C<17>          |   24.089|
B<24>          |C<18>          |   22.642|
B<24>          |C<19>          |   23.313|
B<24>          |C<20>          |   23.288|
B<24>          |C<21>          |   22.727|
B<24>          |C<22>          |   24.229|
B<24>          |C<23>          |   24.286|
B<24>          |C<24>          |   22.648|
B<24>          |C<25>          |   23.019|
B<24>          |C<26>          |   24.319|
B<24>          |C<27>          |   23.123|
B<24>          |C<28>          |   24.838|
B<24>          |C<29>          |   22.155|
B<24>          |C<30>          |   22.652|
B<24>          |C<31>          |   21.019|
B<25>          |C<0>           |   23.121|
B<25>          |C<1>           |   25.046|
B<25>          |C<2>           |   24.741|
B<25>          |C<3>           |   24.206|
B<25>          |C<4>           |   24.818|
B<25>          |C<5>           |   23.842|
B<25>          |C<6>           |   24.869|
B<25>          |C<7>           |   24.734|
B<25>          |C<8>           |   23.139|
B<25>          |C<9>           |   22.925|
B<25>          |C<10>          |   23.427|
B<25>          |C<11>          |   24.427|
B<25>          |C<12>          |   25.393|
B<25>          |C<13>          |   23.346|
B<25>          |C<14>          |   21.743|
B<25>          |C<15>          |   22.600|
B<25>          |C<16>          |   21.990|
B<25>          |C<17>          |   23.705|
B<25>          |C<18>          |   22.258|
B<25>          |C<19>          |   22.929|
B<25>          |C<20>          |   22.904|
B<25>          |C<21>          |   22.343|
B<25>          |C<22>          |   23.845|
B<25>          |C<23>          |   23.902|
B<25>          |C<24>          |   22.264|
B<25>          |C<25>          |   22.635|
B<25>          |C<26>          |   23.935|
B<25>          |C<27>          |   22.739|
B<25>          |C<28>          |   24.454|
B<25>          |C<29>          |   21.771|
B<25>          |C<30>          |   22.268|
B<25>          |C<31>          |   20.700|
B<26>          |C<0>           |   23.719|
B<26>          |C<1>           |   25.644|
B<26>          |C<2>           |   25.339|
B<26>          |C<3>           |   24.804|
B<26>          |C<4>           |   25.416|
B<26>          |C<5>           |   24.440|
B<26>          |C<6>           |   25.467|
B<26>          |C<7>           |   25.332|
B<26>          |C<8>           |   23.737|
B<26>          |C<9>           |   23.523|
B<26>          |C<10>          |   24.025|
B<26>          |C<11>          |   25.025|
B<26>          |C<12>          |   25.991|
B<26>          |C<13>          |   23.944|
B<26>          |C<14>          |   22.341|
B<26>          |C<15>          |   23.198|
B<26>          |C<16>          |   22.588|
B<26>          |C<17>          |   24.303|
B<26>          |C<18>          |   22.856|
B<26>          |C<19>          |   23.527|
B<26>          |C<20>          |   23.502|
B<26>          |C<21>          |   22.941|
B<26>          |C<22>          |   24.443|
B<26>          |C<23>          |   24.500|
B<26>          |C<24>          |   22.862|
B<26>          |C<25>          |   23.233|
B<26>          |C<26>          |   24.533|
B<26>          |C<27>          |   23.337|
B<26>          |C<28>          |   25.052|
B<26>          |C<29>          |   22.369|
B<26>          |C<30>          |   22.866|
B<26>          |C<31>          |   21.233|
B<27>          |C<0>           |   23.316|
B<27>          |C<1>           |   25.241|
B<27>          |C<2>           |   24.936|
B<27>          |C<3>           |   24.401|
B<27>          |C<4>           |   25.013|
B<27>          |C<5>           |   24.037|
B<27>          |C<6>           |   25.064|
B<27>          |C<7>           |   24.929|
B<27>          |C<8>           |   23.334|
B<27>          |C<9>           |   23.120|
B<27>          |C<10>          |   23.622|
B<27>          |C<11>          |   24.622|
B<27>          |C<12>          |   25.588|
B<27>          |C<13>          |   23.541|
B<27>          |C<14>          |   21.938|
B<27>          |C<15>          |   22.795|
B<27>          |C<16>          |   22.185|
B<27>          |C<17>          |   23.900|
B<27>          |C<18>          |   22.453|
B<27>          |C<19>          |   23.124|
B<27>          |C<20>          |   23.099|
B<27>          |C<21>          |   22.538|
B<27>          |C<22>          |   24.040|
B<27>          |C<23>          |   24.097|
B<27>          |C<24>          |   22.459|
B<27>          |C<25>          |   22.830|
B<27>          |C<26>          |   24.130|
B<27>          |C<27>          |   22.934|
B<27>          |C<28>          |   24.649|
B<27>          |C<29>          |   21.966|
B<27>          |C<30>          |   22.463|
B<27>          |C<31>          |   20.830|
B<28>          |C<0>           |   20.606|
B<28>          |C<1>           |   22.531|
B<28>          |C<2>           |   22.226|
B<28>          |C<3>           |   21.691|
B<28>          |C<4>           |   22.303|
B<28>          |C<5>           |   21.327|
B<28>          |C<6>           |   22.354|
B<28>          |C<7>           |   22.219|
B<28>          |C<8>           |   20.624|
B<28>          |C<9>           |   20.410|
B<28>          |C<10>          |   20.912|
B<28>          |C<11>          |   21.912|
B<28>          |C<12>          |   22.878|
B<28>          |C<13>          |   20.831|
B<28>          |C<14>          |   19.228|
B<28>          |C<15>          |   20.085|
B<28>          |C<16>          |   19.475|
B<28>          |C<17>          |   21.190|
B<28>          |C<18>          |   19.743|
B<28>          |C<19>          |   20.414|
B<28>          |C<20>          |   20.389|
B<28>          |C<21>          |   19.828|
B<28>          |C<22>          |   21.330|
B<28>          |C<23>          |   21.387|
B<28>          |C<24>          |   19.749|
B<28>          |C<25>          |   20.120|
B<28>          |C<26>          |   21.420|
B<28>          |C<27>          |   20.224|
B<28>          |C<28>          |   21.939|
B<28>          |C<29>          |   19.256|
B<28>          |C<30>          |   19.810|
B<28>          |C<31>          |   19.376|
B<29>          |C<0>           |   21.473|
B<29>          |C<1>           |   23.398|
B<29>          |C<2>           |   23.093|
B<29>          |C<3>           |   22.558|
B<29>          |C<4>           |   23.170|
B<29>          |C<5>           |   22.194|
B<29>          |C<6>           |   23.221|
B<29>          |C<7>           |   23.086|
B<29>          |C<8>           |   21.491|
B<29>          |C<9>           |   21.277|
B<29>          |C<10>          |   21.779|
B<29>          |C<11>          |   22.779|
B<29>          |C<12>          |   23.745|
B<29>          |C<13>          |   21.698|
B<29>          |C<14>          |   20.095|
B<29>          |C<15>          |   20.952|
B<29>          |C<16>          |   20.342|
B<29>          |C<17>          |   22.057|
B<29>          |C<18>          |   20.610|
B<29>          |C<19>          |   21.281|
B<29>          |C<20>          |   21.256|
B<29>          |C<21>          |   20.695|
B<29>          |C<22>          |   22.197|
B<29>          |C<23>          |   22.254|
B<29>          |C<24>          |   20.616|
B<29>          |C<25>          |   20.987|
B<29>          |C<26>          |   22.287|
B<29>          |C<27>          |   21.091|
B<29>          |C<28>          |   22.806|
B<29>          |C<29>          |   20.123|
B<29>          |C<30>          |   20.620|
B<29>          |C<31>          |   19.983|
B<30>          |C<0>           |   22.190|
B<30>          |C<1>           |   24.115|
B<30>          |C<2>           |   23.810|
B<30>          |C<3>           |   23.275|
B<30>          |C<4>           |   23.887|
B<30>          |C<5>           |   22.911|
B<30>          |C<6>           |   23.938|
B<30>          |C<7>           |   23.803|
B<30>          |C<8>           |   22.208|
B<30>          |C<9>           |   21.994|
B<30>          |C<10>          |   22.496|
B<30>          |C<11>          |   23.496|
B<30>          |C<12>          |   24.462|
B<30>          |C<13>          |   22.415|
B<30>          |C<14>          |   20.812|
B<30>          |C<15>          |   21.669|
B<30>          |C<16>          |   21.059|
B<30>          |C<17>          |   22.774|
B<30>          |C<18>          |   21.327|
B<30>          |C<19>          |   21.998|
B<30>          |C<20>          |   21.973|
B<30>          |C<21>          |   21.412|
B<30>          |C<22>          |   22.914|
B<30>          |C<23>          |   22.971|
B<30>          |C<24>          |   21.333|
B<30>          |C<25>          |   21.704|
B<30>          |C<26>          |   23.004|
B<30>          |C<27>          |   21.808|
B<30>          |C<28>          |   23.523|
B<30>          |C<29>          |   20.840|
B<30>          |C<30>          |   21.337|
B<30>          |C<31>          |   19.704|
B<31>          |C<0>           |   22.281|
B<31>          |C<1>           |   24.206|
B<31>          |C<2>           |   23.901|
B<31>          |C<3>           |   23.366|
B<31>          |C<4>           |   23.978|
B<31>          |C<5>           |   23.002|
B<31>          |C<6>           |   24.029|
B<31>          |C<7>           |   23.894|
B<31>          |C<8>           |   22.299|
B<31>          |C<9>           |   22.085|
B<31>          |C<10>          |   22.587|
B<31>          |C<11>          |   23.587|
B<31>          |C<12>          |   24.553|
B<31>          |C<13>          |   22.506|
B<31>          |C<14>          |   20.903|
B<31>          |C<15>          |   21.760|
B<31>          |C<16>          |   21.150|
B<31>          |C<17>          |   22.865|
B<31>          |C<18>          |   21.418|
B<31>          |C<19>          |   22.089|
B<31>          |C<20>          |   22.064|
B<31>          |C<21>          |   21.503|
B<31>          |C<22>          |   23.005|
B<31>          |C<23>          |   23.062|
B<31>          |C<24>          |   21.424|
B<31>          |C<25>          |   21.795|
B<31>          |C<26>          |   23.095|
B<31>          |C<27>          |   21.899|
B<31>          |C<28>          |   23.614|
B<31>          |C<29>          |   20.931|
B<31>          |C<30>          |   21.428|
B<31>          |C<31>          |   19.869|
---------------+---------------+---------+


Analysis completed Wed Oct 05 18:08:37 2022 
--------------------------------------------------------------------------------

Trace Settings:
-------------------------
Trace Settings 

Peak Memory Usage: 4732 MB



