ISim log file
Running: D:\verilogcode\p6\mips\mips_txt_isim_beh.exe -intstyle ise -gui -tclbatch isim.cmd -wdb D:/verilogcode/p6/mips/mips_txt_isim_beh.wdb 
ISim P.20131013 (signature 0x7708f090)
This is a Full version of ISim.
Time resolution is 1 ps
# onerror resume
# wave add /
# run 1000 ns
Simulator is doing circuit initialization process.
Finished circuit initialization process.
                  38@00003000: $ 8 <= 00000008
                  42@00003004: $ 9 <= 00000008
                  46@00003008: $ 8 <= 00000008
                  50@0000300c: $10 <= 0000000c
                  54@00003010: $ 9 <= 00000008
                  58@00003014: $ 8 <= 00000008
                  62@00003018: $10 <= 0000000c
                  66@0000301c: $11 <= 0000000d
                  70@00003020: $ 9 <= 00000008
                  74@00003024: $ 8 <= 00000008
                  78@00003028: $ 9 <= 00000008
                  82@0000302c: $ 8 <= 00000008
                  86@00003030: $10 <= 0000000c
                  90@00003034: $ 9 <= 00000008
                  94@00003038: $ 8 <= 00000008
                  98@0000303c: $10 <= 0000000c
                 102@00003040: $11 <= 0000000d
                 106@00003044: $ 9 <= 00000008
                 110@00003048: $ 8 <= 00080000
                 114@0000304c: $ 9 <= 00080000
                 118@00003050: $ 8 <= 00080000
                 122@00003054: $10 <= 000c0000
                 126@00003058: $ 9 <= 00080000
                 130@0000305c: $ 8 <= 00080000
                 134@00003060: $10 <= 000c0000
                 138@00003064: $11 <= 000e0000
                 142@00003068: $ 9 <= 00080000
                 146@0000306c: $ 8 <= 00080000
                 150@00003070: $ 9 <= 00080000
                 154@00003074: $ 8 <= 00080000
                 158@00003078: $10 <= 000c0000
                 162@0000307c: $ 9 <= 00080000
                 166@00003080: $ 8 <= 00080000
                 170@00003084: $10 <= 000c0000
                 174@00003088: $11 <= 000e0000
                 178@0000308c: $ 9 <= 00080000
                 182@00003090: $ 8 <= 00080000
                 186@00003094: $ 9 <= 00080000
                 190@00003098: $10 <= 00080000
                 194@0000309c: $ 8 <= 00080000
                 198@000030a0: $ 9 <= 00080000
                 202@000030a4: $11 <= 00100000
                 206@000030a8: $10 <= 00080000
                 210@000030ac: $ 8 <= 00080000
                 214@000030b0: $ 9 <= 00080000
                 218@000030b4: $11 <= 00100000
                 222@000030b8: $12 <= 00100000
                 226@000030bc: $10 <= 00100000
                 230@000030c0: $ 8 <= 00000008
                 234@000030c4: $ 9 <= 0000000c
                 238@000030c8: $10 <= 00000010
                 242@000030cc: $11 <= 00000014
                 246@000030d0: $12 <= 00000018
                 250@000030d8: *00000008 <= 0000000c
                 250@000030d4: $13 <= 0000001c
                 258@000030dc: $16 <= 00000004
                 262@000030e0: $17 <= 00000008
                 266@000030e4: $18 <= 0000000c
                 270@000030e8: $14 <= 0000000c
                 278@000030ec: $15 <= 00000018
                 282@000030f0: $ 8 <= 00000008
                 286@000030f4: $ 9 <= 0000000c
                 290@000030f8: $10 <= 00000010
                 294@000030fc: $11 <= 00000014
                 298@00003104: *00000008 <= 0000000c
                 298@00003100: $12 <= 00000018
                 306@00003108: $16 <= 00000004
                 310@0000310c: $17 <= 00000008
                 314@00003110: $18 <= 0000000c
                 318@00003114: $14 <= 0000000c
                 322@00003118: $13 <= 0000001c
                 326@0000311c: $15 <= 00000018
                 330@00003120: $ 8 <= 00000008
                 334@00003124: $ 9 <= 0000000c
                 338@00003128: $10 <= 00000010
                 342@0000312c: $11 <= 00000014
                 346@00003134: *00000008 <= 0000000c
                 346@00003130: $12 <= 00000018
                 354@00003138: $16 <= 00000004
                 358@0000313c: $17 <= 00000008
                 362@00003140: $18 <= 0000000c
                 366@00003144: $14 <= 0000000c
                 370@00003148: $13 <= 0000001c
                 374@0000314c: $24 <= 00000020
                 378@00003150: $15 <= 00000018
                 382@00003154: $ 8 <= 00000008
                 386@00003158: $ 9 <= 0000000c
                 390@0000315c: $10 <= 00000010
                 394@00003160: $31 <= 00003168
                 398@00003164: $11 <= 000062d0
                 402@00003170: $14 <= 00000014
                 406@00003174: $ 8 <= 00000008
                 410@00003178: $ 9 <= 0000000c
                 414@0000317c: $10 <= 00000010
                 418@00003180: $31 <= 00003188
                 422@00003184: $12 <= 00000014
                 426@0000318c: $11 <= 00006310
                 430@00003190: $14 <= 00000014
                 434@00003194: $15 <= 00000018
                 438@00003198: $ 8 <= 00000008
                 442@0000319c: $ 9 <= 0000000c
                 446@000031a0: $10 <= 00000010
                 450@000031a4: $31 <= 000031ac
                 454@000031a8: $12 <= 00000014
                 458@000031b0: $14 <= 00000014
                 462@000031b4: $11 <= 00006358
                 466@000031b8: $14 <= 00000014
                 470@000031bc: $15 <= 00000018
                 474@000031c0: $ 8 <= 00000008
                 478@000031c4: $ 9 <= 0000000c
                 482@000031c8: $ 8 <= 00000008
                 486@000031cc: $10 <= 00000014
                 490@000031d0: $ 9 <= 0000000c
                 494@000031d4: $ 8 <= 00000008
                 498@000031d8: $10 <= 00000014
                 502@000031dc: $11 <= 00000018
                 506@000031e0: $ 9 <= 0000000c
                 510@000031e4: $ 8 <= 00000008
                 514@000031e8: $ 9 <= 00000014
                 518@000031ec: $10 <= 00000018
                 522@000031f0: $11 <= 0000000c
                 526@000031f4: $12 <= 00000010
                 530@000031f8: $13 <= fffffff4
                 534@000031fc: $14 <= fffffffd
                 538@00003200: $ 8 <= 00000008
                 542@00003204: $ 9 <= 00000014
                 546@00003208: $10 <= 00000018
                 550@0000320c: $11 <= 0000000c
                 554@00003210: $12 <= 00000010
                 558@00003214: $13 <= fffffff4
                 562@00003218: $15 <= 00000014
                 566@0000321c: $14 <= fffffffd
                 570@00003220: $ 8 <= 00000008
                 574@00003224: $ 9 <= 00000014
                 578@00003228: $10 <= 00000018
                 582@0000322c: $11 <= 0000000c
                 586@00003230: $12 <= 00000010
                 590@00003234: $13 <= fffffff4
                 594@00003238: $15 <= 00000014
                 598@0000323c: $24 <= 00000018
                 602@00003240: $14 <= fffffffd
                 606@00003244: $ 8 <= 00000008
                 610@00003248: $ 9 <= 00000014
                 614@0000324c: $10 <= 00000004
                 618@00003250: $11 <= 0000000c
                 622@00003258: *00000014 <= 00000008
                 622@00003254: $12 <= 00000010
                 630@0000325c: $13 <= 00000008
                 638@00003260: $14 <= 0000000d
                 642@00003264: $ 8 <= 00000008
                 646@00003268: $ 9 <= 00000014
                 650@0000326c: $10 <= 00000004
                 654@00003270: $11 <= 0000000c
                 658@00003278: *00000014 <= 00000008
                 658@00003274: $12 <= 00000010
                 666@0000327c: $13 <= 00000008
                 670@00003280: $15 <= 00000014
                 674@00003284: $14 <= 0000000d
                 678@00003288: $ 8 <= 00000008
                 682@0000328c: $ 9 <= 00000014
                 686@00003290: $10 <= 00000004
                 690@00003294: $11 <= 0000000c
                 694@0000329c: *00000014 <= 00000008
                 694@00003298: $12 <= 00000010
                 702@000032a0: $13 <= 00000008
                 706@000032a4: $15 <= 00000014
                 710@000032a8: $24 <= 00000018
                 714@000032ac: $14 <= 0000000d
                 718@000032b0: $ 8 <= 00000008
                 722@000032b4: $ 9 <= 00000014
                 726@000032b8: $31 <= 000032c0
                 730@000032bc: $10 <= 000032c8
                 734@000032c4: $12 <= 00000012
                 738@000032c8: $13 <= 00000016
                 742@000032cc: $14 <= 0000001a
                 746@000032d0: $ 8 <= 00000008
                 750@000032d4: $ 9 <= 00000014
                 754@000032d8: $31 <= 000032e0
                 758@000032dc: $10 <= 00000004
                 762@000032e4: $12 <= 000032f2
                 766@000032e8: $13 <= 00000016
                 770@000032ec: $14 <= 0000001a
                 774@000032f0: $ 8 <= 00000008
                 778@000032f4: $ 9 <= 00000014
                 782@000032f8: $31 <= 00003300
                 786@000032fc: $10 <= 00000004
                 790@00003304: $15 <= 00000006
                 794@00003308: $12 <= 00003312
                 798@0000330c: $13 <= 00000016
                 802@00003310: $14 <= 0000001a
                 806@00003314: $ 8 <= 00000004
                 810@00003318: $ 9 <= 00000008
                 814@0000331c: $10 <= 00000009
                 818@00003324: *00000004 <= 00000008
                 818@00003320: $11 <= 0000000c
                 822@00003328: *00000008 <= 00000009
                 826@0000332c: *0000000c <= 0000000c
                 834@00003330: $12 <= 00000004
                 838@00003334: $13 <= 00000008
                 846@00003338: $13 <= 00000008
                 854@00003340: $14 <= 00000009
                 862@00003344: $14 <= 0000000c
                 866@00003348: $16 <= 0000000c
                 870@0000334c: $17 <= 00000010
                 874@00003350: $15 <= 0000000c
                 878@00003354: $ 8 <= 00000004
                 882@00003358: $ 9 <= 00000008
                 886@0000335c: $10 <= 00000009
                 890@00003364: *00000004 <= 00000008
                 890@00003360: $11 <= 0000000c
                 894@00003368: *00000008 <= 00000009
                 898@0000336c: *0000000c <= 0000000c
                 906@00003370: $12 <= 00000004
                 910@00003374: $13 <= 00000008
                 914@00003378: $13 <= 00000008
                 922@00003380: $14 <= 00000009
                 926@00003384: $14 <= 0000000c
                 930@00003388: $16 <= 0000000c
                 934@0000338c: $17 <= 00000010
                 938@00003390: $15 <= 0000000c
                 942@00003394: $ 8 <= 00000004
                 946@00003398: $ 9 <= 00000008
                 950@0000339c: $10 <= 0000000c
                 954@000033a4: *00000000 <= 00000004
                 954@000033a0: $11 <= 00000010
                 958@000033a8: *00000004 <= 00000008
                 962@000033ac: *00000008 <= 0000000c
                 966@000033b0: *0000000c <= 00000010
                 974@000033b4: $12 <= 00000008
                 982@000033b8: $13 <= 0000000c
                 990@000033bc: $13 <= 00000004
